[2023/05/16 16:10:57.700 +00:00] [INFO] [util.go:41] ["Welcome to Placement Driver (PD)"]
[2023/05/16 16:10:57.700 +00:00] [INFO] [util.go:42] [PD] [release-version=v6.1.0]
[2023/05/16 16:10:57.700 +00:00] [INFO] [util.go:43] [PD] [edition=Community]
[2023/05/16 16:10:57.700 +00:00] [INFO] [util.go:44] [PD] [git-hash=d82f4fab6cf37cd1eca9c3574984e12a7ae27c42]
[2023/05/16 16:10:57.700 +00:00] [INFO] [util.go:45] [PD] [git-branch=heads/refs/tags/v6.1.0]
[2023/05/16 16:10:57.700 +00:00] [INFO] [util.go:46] [PD] [utc-build-time="2022-06-01 01:44:08"]
[2023/05/16 16:10:57.700 +00:00] [INFO] [metricutil.go:83] ["disable Prometheus push client"]
[2023/05/16 16:10:57.700 +00:00] [INFO] [server.go:240] ["PD Config"] [config="{\"client-urls\":\"http://0.0.0.0:2379\",\"peer-urls\":\"http://0.0.0.0:2380\",\"advertise-client-urls\":\"http://pd0:2379\",\"advertise-peer-urls\":\"http://pd0:2380\",\"name\":\"pd0\",\"data-dir\":\"/data/pd0\",\"force-new-cluster\":false,\"enable-grpc-gateway\":true,\"initial-cluster\":\"pd0=http://pd0:2380,pd1=http://pd1:2380,pd2=http://pd2:2380\",\"initial-cluster-state\":\"new\",\"initial-cluster-token\":\"pd-cluster\",\"join\":\"\",\"lease\":3,\"log\":{\"level\":\"info\",\"format\":\"text\",\"disable-timestamp\":false,\"file\":{\"filename\":\"/logs/pd0.log\",\"max-size\":300,\"max-days\":0,\"max-backups\":0},\"development\":false,\"disable-caller\":false,\"disable-stacktrace\":false,\"disable-error-verbose\":true,\"sampling\":null},\"tso-save-interval\":\"3s\",\"tso-update-physical-interval\":\"50ms\",\"enable-local-tso\":false,\"metric\":{\"job\":\"pd0\",\"address\":\"\",\"interval\":\"15s\"},\"schedule\":{\"max-snapshot-count\":64,\"max-pending-peer-count\":64,\"max-merge-region-size\":20,\"max-merge-region-keys\":200000,\"split-merge-interval\":\"1h0m0s\",\"enable-one-way-merge\":\"false\",\"enable-cross-table-merge\":\"true\",\"patrol-region-interval\":\"10ms\",\"max-store-down-time\":\"30m0s\",\"max-store-preparing-time\":\"48h0m0s\",\"leader-schedule-limit\":4,\"leader-schedule-policy\":\"count\",\"region-schedule-limit\":2048,\"replica-schedule-limit\":64,\"merge-schedule-limit\":8,\"hot-region-schedule-limit\":4,\"hot-region-cache-hits-threshold\":3,\"store-limit\":{},\"tolerant-size-ratio\":0,\"low-space-ratio\":0.8,\"high-space-ratio\":0.7,\"region-score-formula-version\":\"v2\",\"scheduler-max-waiting-operator\":5,\"enable-remove-down-replica\":\"true\",\"enable-replace-offline-replica\":\"true\",\"enable-make-up-replica\":\"true\",\"enable-remove-extra-replica\":\"true\",\"enable-location-replacement\":\"true\",\"enable-debug-metrics\":\"false\",\"enable-joint-consensus\":\"true\",\"schedulers-v2\":[{\"type\":\"balance-region\",\"args\":null,\"disable\":false,\"args-payload\":\"\"},{\"type\":\"balance-leader\",\"args\":null,\"disable\":false,\"args-payload\":\"\"},{\"type\":\"hot-region\",\"args\":null,\"disable\":false,\"args-payload\":\"\"},{\"type\":\"split-bucket\",\"args\":null,\"disable\":false,\"args-payload\":\"\"}],\"schedulers-payload\":null,\"store-limit-mode\":\"manual\",\"hot-regions-write-interval\":\"10m0s\",\"hot-regions-reserved-days\":7},\"replication\":{\"max-replicas\":3,\"location-labels\":\"\",\"strictly-match-label\":\"false\",\"enable-placement-rules\":\"true\",\"enable-placement-rules-cache\":\"false\",\"isolation-level\":\"\"},\"pd-server\":{\"use-region-storage\":\"true\",\"max-gap-reset-ts\":\"24h0m0s\",\"key-type\":\"table\",\"runtime-services\":\"\",\"metric-storage\":\"\",\"dashboard-address\":\"auto\",\"trace-region-flow\":\"true\",\"flow-round-by-digit\":3,\"min-resolved-ts-persistence-interval\":\"0s\"},\"cluster-version\":\"0.0.0\",\"labels\":{},\"quota-backend-bytes\":\"8GiB\",\"auto-compaction-mode\":\"periodic\",\"auto-compaction-retention-v2\":\"1h\",\"TickInterval\":\"500ms\",\"ElectionInterval\":\"3s\",\"PreVote\":true,\"max-request-bytes\":157286400,\"security\":{\"cacert-path\":\"\",\"cert-path\":\"\",\"key-path\":\"\",\"cert-allowed-cn\":null,\"SSLCABytes\":null,\"SSLCertBytes\":null,\"SSLKEYBytes\":null,\"redact-info-log\":false,\"encryption\":{\"data-encryption-method\":\"plaintext\",\"data-key-rotation-period\":\"168h0m0s\",\"master-key\":{\"type\":\"plaintext\",\"key-id\":\"\",\"region\":\"\",\"endpoint\":\"\",\"path\":\"\"}}},\"label-property\":null,\"WarningMsgs\":null,\"DisableStrictReconfigCheck\":false,\"HeartbeatStreamBindInterval\":\"1m0s\",\"LeaderPriorityCheckInterval\":\"1m0s\",\"dashboard\":{\"tidb-cacert-path\":\"\",\"tidb-cert-path\":\"\",\"tidb-key-path\":\"\",\"public-path-prefix\":\"\",\"internal-proxy\":false,\"enable-telemetry\":true,\"enable-experimental\":false},\"replication-mode\":{\"replication-mode\":\"majority\",\"dr-auto-sync\":{\"label-key\":\"\",\"primary\":\"\",\"dr\":\"\",\"primary-replicas\":0,\"dr-replicas\":0,\"wait-store-timeout\":\"1m0s\",\"wait-sync-timeout\":\"1m0s\",\"wait-async-timeout\":\"2m0s\",\"pause-region-split\":\"false\"}}}"]
[2023/05/16 16:10:57.703 +00:00] [INFO] [server.go:215] ["register REST path"] [path=/pd/api/v1]
[2023/05/16 16:10:57.703 +00:00] [INFO] [server.go:215] ["register REST path"] [path=/pd/api/v2/]
[2023/05/16 16:10:57.703 +00:00] [INFO] [server.go:215] ["register REST path"] [path=/swagger/]
[2023/05/16 16:10:57.703 +00:00] [INFO] [server.go:215] ["register REST path"] [path=/autoscaling]
[2023/05/16 16:10:57.703 +00:00] [INFO] [distro.go:51] ["Using distribution strings"] [strings={}]
[2023/05/16 16:10:57.705 +00:00] [INFO] [server.go:215] ["register REST path"] [path=/dashboard/api/]
[2023/05/16 16:10:57.705 +00:00] [INFO] [server.go:215] ["register REST path"] [path=/dashboard/]
[2023/05/16 16:10:57.705 +00:00] [INFO] [etcd.go:117] ["configuring peer listeners"] [listen-peer-urls="[http://0.0.0.0:2380]"]
[2023/05/16 16:10:57.705 +00:00] [INFO] [systimemon.go:28] ["start system time monitor"]
[2023/05/16 16:10:57.706 +00:00] [INFO] [etcd.go:127] ["configuring client listeners"] [listen-client-urls="[http://0.0.0.0:2379]"]
[2023/05/16 16:10:57.706 +00:00] [INFO] [etcd.go:602] ["pprof is enabled"] [path=/debug/pprof]
[2023/05/16 16:10:57.706 +00:00] [INFO] [etcd.go:299] ["starting an etcd server"] [etcd-version=3.4.3] [git-sha="Not provided (use ./build instead of go build)"] [go-version=go1.18.2] [go-os=linux] [go-arch=amd64] [max-cpu-set=8] [max-cpu-available=8] [member-initialized=false] [name=pd0] [data-dir=/data/pd0] [wal-dir=] [wal-dir-dedicated=] [member-dir=/data/pd0/member] [force-new-cluster=false] [heartbeat-interval=500ms] [election-timeout=3s] [initial-election-tick-advance=true] [snapshot-count=100000] [snapshot-catchup-entries=5000] [initial-advertise-peer-urls="[http://pd0:2380]"] [listen-peer-urls="[http://0.0.0.0:2380]"] [advertise-client-urls="[http://pd0:2379]"] [listen-client-urls="[http://0.0.0.0:2379]"] [listen-metrics-urls="[]"] [cors="[*]"] [host-whitelist="[*]"] [initial-cluster="pd0=http://pd0:2380,pd1=http://pd1:2380,pd2=http://pd2:2380"] [initial-cluster-state=new] [initial-cluster-token=pd-cluster] [quota-size-bytes=8589934592] [pre-vote=true] [initial-corrupt-check=false] [corrupt-check-time-interval=0s] [auto-compaction-mode=periodic] [auto-compaction-retention=1h0m0s] [auto-compaction-interval=1h0m0s] [discovery-url=] [discovery-proxy=]
[2023/05/16 16:10:57.706 +00:00] [WARN] [server.go:298] ["exceeded recommended request limit"] [max-request-bytes=157286400] [max-request-size="157 MB"] [recommended-request-bytes=10485760] [recommended-request-size="10 MB"]
[2023/05/16 16:10:57.706 +00:00] [INFO] [backend.go:79] ["opened backend db"] [path=/data/pd0/member/snap/db] [took=85.007µs]
[2023/05/16 16:10:57.706 +00:00] [INFO] [netutil.go:112] ["resolved URL Host"] [url=http://pd0:2380] [host=pd0:2380] [resolved-addr=172.18.0.3:2380]
[2023/05/16 16:10:57.707 +00:00] [INFO] [netutil.go:112] ["resolved URL Host"] [url=http://pd0:2380] [host=pd0:2380] [resolved-addr=172.18.0.3:2380]
[2023/05/16 16:10:58.826 +00:00] [INFO] [raft.go:456] ["starting local member"] [local-member-id=e3589da502d44cf6] [cluster-id=4586ab14de6050dd]
[2023/05/16 16:10:58.827 +00:00] [INFO] [raft.go:1530] ["e3589da502d44cf6 switched to configuration voters=()"]
[2023/05/16 16:10:58.827 +00:00] [INFO] [raft.go:700] ["e3589da502d44cf6 became follower at term 0"]
[2023/05/16 16:10:58.827 +00:00] [INFO] [raft.go:383] ["newRaft e3589da502d44cf6 [peers: [], term: 0, commit: 0, applied: 0, lastindex: 0, lastterm: 0]"]
[2023/05/16 16:10:58.827 +00:00] [INFO] [raft.go:700] ["e3589da502d44cf6 became follower at term 1"]
[2023/05/16 16:10:58.827 +00:00] [INFO] [raft.go:1530] ["e3589da502d44cf6 switched to configuration voters=(3486081234046183923)"]
[2023/05/16 16:10:58.828 +00:00] [INFO] [raft.go:1530] ["e3589da502d44cf6 switched to configuration voters=(3486081234046183923 16382016976602811638)"]
[2023/05/16 16:10:58.828 +00:00] [INFO] [raft.go:1530] ["e3589da502d44cf6 switched to configuration voters=(3486081234046183923 16382016976602811638 17107318113395953248)"]
[2023/05/16 16:10:58.829 +00:00] [WARN] [store.go:1317] ["simple token is not cryptographically signed"]
[2023/05/16 16:10:58.829 +00:00] [INFO] [quota.go:126] ["enabled backend quota"] [quota-name=v3-applier] [quota-size-bytes=8589934592] [quota-size="8.6 GB"]
[2023/05/16 16:10:58.829 +00:00] [INFO] [peer.go:128] ["starting remote peer"] [remote-peer-id=30610c698d7a69f3]
[2023/05/16 16:10:58.830 +00:00] [INFO] [pipeline.go:71] ["started HTTP pipelining with remote peer"] [local-member-id=e3589da502d44cf6] [remote-peer-id=30610c698d7a69f3]
[2023/05/16 16:10:58.831 +00:00] [INFO] [stream.go:166] ["started stream writer with remote peer"] [local-member-id=e3589da502d44cf6] [remote-peer-id=30610c698d7a69f3]
[2023/05/16 16:10:58.831 +00:00] [INFO] [stream.go:166] ["started stream writer with remote peer"] [local-member-id=e3589da502d44cf6] [remote-peer-id=30610c698d7a69f3]
[2023/05/16 16:10:58.833 +00:00] [INFO] [stream.go:406] ["started stream reader with remote peer"] [stream-reader-type="stream MsgApp v2"] [local-member-id=e3589da502d44cf6] [remote-peer-id=30610c698d7a69f3]
[2023/05/16 16:10:58.832 +00:00] [INFO] [stream.go:406] ["started stream reader with remote peer"] [stream-reader-type="stream Message"] [local-member-id=e3589da502d44cf6] [remote-peer-id=30610c698d7a69f3]
[2023/05/16 16:10:58.832 +00:00] [INFO] [peer.go:134] ["started remote peer"] [remote-peer-id=30610c698d7a69f3]
[2023/05/16 16:10:58.833 +00:00] [INFO] [transport.go:327] ["added remote peer"] [local-member-id=e3589da502d44cf6] [remote-peer-id=30610c698d7a69f3] [remote-peer-urls="[http://pd2:2380]"]
[2023/05/16 16:10:58.833 +00:00] [INFO] [peer.go:128] ["starting remote peer"] [remote-peer-id=ed69672f88924e60]
[2023/05/16 16:10:58.833 +00:00] [INFO] [pipeline.go:71] ["started HTTP pipelining with remote peer"] [local-member-id=e3589da502d44cf6] [remote-peer-id=ed69672f88924e60]
[2023/05/16 16:10:58.834 +00:00] [INFO] [stream.go:166] ["started stream writer with remote peer"] [local-member-id=e3589da502d44cf6] [remote-peer-id=ed69672f88924e60]
[2023/05/16 16:10:58.835 +00:00] [INFO] [stream.go:166] ["started stream writer with remote peer"] [local-member-id=e3589da502d44cf6] [remote-peer-id=ed69672f88924e60]
[2023/05/16 16:10:58.835 +00:00] [INFO] [peer.go:134] ["started remote peer"] [remote-peer-id=ed69672f88924e60]
[2023/05/16 16:10:58.835 +00:00] [INFO] [stream.go:406] ["started stream reader with remote peer"] [stream-reader-type="stream Message"] [local-member-id=e3589da502d44cf6] [remote-peer-id=ed69672f88924e60]
[2023/05/16 16:10:58.835 +00:00] [INFO] [transport.go:327] ["added remote peer"] [local-member-id=e3589da502d44cf6] [remote-peer-id=ed69672f88924e60] [remote-peer-urls="[http://pd1:2380]"]
[2023/05/16 16:10:58.835 +00:00] [INFO] [server.go:792] ["starting etcd server"] [local-member-id=e3589da502d44cf6] [local-server-version=3.4.3] [cluster-version=to_be_decided]
[2023/05/16 16:10:58.835 +00:00] [INFO] [stream.go:406] ["started stream reader with remote peer"] [stream-reader-type="stream MsgApp v2"] [local-member-id=e3589da502d44cf6] [remote-peer-id=ed69672f88924e60]
[2023/05/16 16:10:58.836 +00:00] [INFO] [server.go:680] ["starting initial election tick advance"] [election-ticks=6]
[2023/05/16 16:10:58.837 +00:00] [INFO] [peer_status.go:51] ["peer became active"] [peer-id=30610c698d7a69f3]
[2023/05/16 16:10:58.837 +00:00] [INFO] [stream.go:425] ["established TCP streaming connection with remote peer"] [stream-reader-type="stream MsgApp v2"] [local-member-id=e3589da502d44cf6] [remote-peer-id=30610c698d7a69f3]
[2023/05/16 16:10:58.837 +00:00] [INFO] [raft.go:1530] ["e3589da502d44cf6 switched to configuration voters=(3486081234046183923 16382016976602811638 17107318113395953248)"]
[2023/05/16 16:10:58.837 +00:00] [INFO] [stream.go:425] ["established TCP streaming connection with remote peer"] [stream-reader-type="stream Message"] [local-member-id=e3589da502d44cf6] [remote-peer-id=30610c698d7a69f3]
[2023/05/16 16:10:58.837 +00:00] [INFO] [peer_status.go:51] ["peer became active"] [peer-id=ed69672f88924e60]
[2023/05/16 16:10:58.838 +00:00] [INFO] [stream.go:425] ["established TCP streaming connection with remote peer"] [stream-reader-type="stream Message"] [local-member-id=e3589da502d44cf6] [remote-peer-id=ed69672f88924e60]
[2023/05/16 16:10:58.838 +00:00] [INFO] [cluster.go:392] ["added member"] [cluster-id=4586ab14de6050dd] [local-member-id=e3589da502d44cf6] [added-peer-id=30610c698d7a69f3] [added-peer-peer-urls="[http://pd2:2380]"]
[2023/05/16 16:10:58.838 +00:00] [INFO] [stream.go:425] ["established TCP streaming connection with remote peer"] [stream-reader-type="stream MsgApp v2"] [local-member-id=e3589da502d44cf6] [remote-peer-id=ed69672f88924e60]
[2023/05/16 16:10:58.838 +00:00] [INFO] [raft.go:1530] ["e3589da502d44cf6 switched to configuration voters=(3486081234046183923 16382016976602811638 17107318113395953248)"]
[2023/05/16 16:10:58.838 +00:00] [INFO] [cluster.go:392] ["added member"] [cluster-id=4586ab14de6050dd] [local-member-id=e3589da502d44cf6] [added-peer-id=e3589da502d44cf6] [added-peer-peer-urls="[http://pd0:2380]"]
[2023/05/16 16:10:58.838 +00:00] [INFO] [raft.go:1530] ["e3589da502d44cf6 switched to configuration voters=(3486081234046183923 16382016976602811638 17107318113395953248)"]
[2023/05/16 16:10:58.840 +00:00] [INFO] [cluster.go:392] ["added member"] [cluster-id=4586ab14de6050dd] [local-member-id=e3589da502d44cf6] [added-peer-id=ed69672f88924e60] [added-peer-peer-urls="[http://pd1:2380]"]
[2023/05/16 16:10:58.840 +00:00] [INFO] [etcd.go:576] ["serving peer traffic"] [address="[::]:2380"]
[2023/05/16 16:10:58.840 +00:00] [INFO] [etcd.go:241] ["now serving peer/client/metrics"] [local-member-id=e3589da502d44cf6] [initial-advertise-peer-urls="[http://pd0:2380]"] [listen-peer-urls="[http://0.0.0.0:2380]"] [advertise-client-urls="[http://pd0:2379]"] [listen-client-urls="[http://0.0.0.0:2379]"] [listen-metrics-urls="[]"]
[2023/05/16 16:10:58.840 +00:00] [INFO] [stream.go:250] ["set message encoder"] [from=e3589da502d44cf6] [to=e3589da502d44cf6] [stream-type="stream Message"]
[2023/05/16 16:10:58.840 +00:00] [WARN] [stream.go:277] ["established TCP streaming connection with remote peer"] [stream-writer-type="stream Message"] [local-member-id=e3589da502d44cf6] [remote-peer-id=30610c698d7a69f3]
[2023/05/16 16:10:58.840 +00:00] [INFO] [stream.go:250] ["set message encoder"] [from=e3589da502d44cf6] [to=e3589da502d44cf6] [stream-type="stream MsgApp v2"]
[2023/05/16 16:10:58.840 +00:00] [WARN] [stream.go:277] ["established TCP streaming connection with remote peer"] [stream-writer-type="stream MsgApp v2"] [local-member-id=e3589da502d44cf6] [remote-peer-id=ed69672f88924e60]
[2023/05/16 16:10:58.840 +00:00] [INFO] [stream.go:250] ["set message encoder"] [from=e3589da502d44cf6] [to=e3589da502d44cf6] [stream-type="stream Message"]
[2023/05/16 16:10:58.840 +00:00] [WARN] [stream.go:277] ["established TCP streaming connection with remote peer"] [stream-writer-type="stream Message"] [local-member-id=e3589da502d44cf6] [remote-peer-id=ed69672f88924e60]
[2023/05/16 16:10:58.841 +00:00] [INFO] [stream.go:250] ["set message encoder"] [from=e3589da502d44cf6] [to=e3589da502d44cf6] [stream-type="stream MsgApp v2"]
[2023/05/16 16:10:58.841 +00:00] [WARN] [stream.go:277] ["established TCP streaming connection with remote peer"] [stream-writer-type="stream MsgApp v2"] [local-member-id=e3589da502d44cf6] [remote-peer-id=30610c698d7a69f3]
[2023/05/16 16:10:58.887 +00:00] [INFO] [server.go:705] ["initialized peer connections; fast-forwarding election ticks"] [local-member-id=e3589da502d44cf6] [forward-ticks=4] [forward-duration=2s] [election-ticks=6] [election-timeout=3s] [active-remote-members=2]
[2023/05/16 16:10:59.731 +00:00] [INFO] [raft.go:960] ["e3589da502d44cf6 [logterm: 1, index: 3, vote: 0] cast MsgPreVote for ed69672f88924e60 [logterm: 1, index: 3] at term 1"]
[2023/05/16 16:10:59.735 +00:00] [INFO] [raft.go:859] ["e3589da502d44cf6 [term: 1] received a MsgVote message with higher term from ed69672f88924e60 [term: 2]"]
[2023/05/16 16:10:59.735 +00:00] [INFO] [raft.go:700] ["e3589da502d44cf6 became follower at term 2"]
[2023/05/16 16:10:59.736 +00:00] [INFO] [raft.go:960] ["e3589da502d44cf6 [logterm: 1, index: 3, vote: 0] cast MsgVote for ed69672f88924e60 [logterm: 1, index: 3] at term 2"]
[2023/05/16 16:10:59.736 +00:00] [INFO] [node.go:325] ["raft.node: e3589da502d44cf6 elected leader ed69672f88924e60 at term 2"]
[2023/05/16 16:10:59.736 +00:00] [INFO] [server.go:2016] ["published local member to cluster through raft"] [local-member-id=e3589da502d44cf6] [local-member-attributes="{Name:pd0 ClientURLs:[http://pd0:2379]}"] [request-path=/0/members/e3589da502d44cf6/attributes] [cluster-id=4586ab14de6050dd] [publish-timeout=11s]
[2023/05/16 16:10:59.736 +00:00] [INFO] [server.go:326] ["create etcd v3 client"] [endpoints="[http://pd0:2379]"] [cert="{\"cacert-path\":\"\",\"cert-path\":\"\",\"key-path\":\"\",\"cert-allowed-cn\":null,\"SSLCABytes\":null,\"SSLCertBytes\":null,\"SSLKEYBytes\":null,\"redact-info-log\":false,\"encryption\":{\"data-encryption-method\":\"plaintext\",\"data-key-rotation-period\":\"168h0m0s\",\"master-key\":{\"type\":\"plaintext\",\"key-id\":\"\",\"region\":\"\",\"endpoint\":\"\",\"path\":\"\"}}}"]
[2023/05/16 16:10:59.737 +00:00] [INFO] [serve.go:139] ["serving client traffic insecurely; this is strongly discouraged!"] [address="[::]:2379"]
[2023/05/16 16:10:59.740 +00:00] [INFO] [cluster.go:558] ["set initial cluster version"] [cluster-id=4586ab14de6050dd] [local-member-id=e3589da502d44cf6] [cluster-version=3.4]
[2023/05/16 16:10:59.741 +00:00] [INFO] [capability.go:76] ["enabled capabilities for version"] [cluster-version=3.4]
[2023/05/16 16:10:59.745 +00:00] [INFO] [server.go:381] ["init cluster id"] [cluster-id=7233813527423341226]
[2023/05/16 16:10:59.753 +00:00] [INFO] [history_buffer.go:147] ["start from history index"] [start-index=0]
[2023/05/16 16:10:59.756 +00:00] [INFO] [server.go:1470] ["server enable region storage"]
[2023/05/16 16:10:59.756 +00:00] [INFO] [server.go:1304] ["start to watch pd leader"] [pd-leader="name:\"pd1\" member_id:17107318113395953248 peer_urls:\"http://pd1:2380\" client_urls:\"http://pd1:2379\" "]
[2023/05/16 16:10:59.756 +00:00] [INFO] [client.go:123] ["region syncer start load region"]
[2023/05/16 16:10:59.756 +00:00] [INFO] [client.go:126] ["region syncer finished load region"] [time-cost=23.919µs]
[2023/05/16 16:10:59.757 +00:00] [INFO] [client.go:167] ["server starts to synchronize with leader"] [server=pd0] [leader=pd1] [request-index=0]
[2023/05/16 16:10:59.757 +00:00] [ERROR] [client.go:171] ["region sync with leader meet error"] [error="[PD:grpc:ErrGRPCRecv]rpc error: code = Unavailable desc = server not started: rpc error: code = Unavailable desc = server not started"]
[2023/05/16 16:11:00.760 +00:00] [INFO] [client.go:167] ["server starts to synchronize with leader"] [server=pd0] [leader=pd1] [request-index=0]
[2023/05/16 16:22:45.654 +00:00] [INFO] [leadership.go:211] ["current leadership is deleted"] [leader-key=/pd/7233813527423341226/leader] [purpose="pd leader election"]
[2023/05/16 16:22:45.654 +00:00] [ERROR] [client.go:171] ["region sync with leader meet error"] [error="[PD:grpc:ErrGRPCRecv]rpc error: code = Canceled desc = context canceled: rpc error: code = Canceled desc = context canceled"]
[2023/05/16 16:22:45.655 +00:00] [WARN] [grpclog.go:60] ["grpc: addrConn.createTransport failed to connect to {pd1:2379  <nil> 0 <nil>}. Err :connection error: desc = \"transport: Error while dialing dial tcp 172.18.0.2:2379: connect: connection refused\". Reconnecting..."]
[2023/05/16 16:22:45.655 +00:00] [INFO] [raft.go:859] ["e3589da502d44cf6 [term: 2] received a MsgVote message with higher term from 30610c698d7a69f3 [term: 3]"]
[2023/05/16 16:22:45.655 +00:00] [INFO] [raft.go:700] ["e3589da502d44cf6 became follower at term 3"]
[2023/05/16 16:22:45.655 +00:00] [INFO] [raft.go:960] ["e3589da502d44cf6 [logterm: 2, index: 287, vote: 0] cast MsgVote for 30610c698d7a69f3 [logterm: 2, index: 287] at term 3"]
[2023/05/16 16:22:45.655 +00:00] [INFO] [node.go:331] ["raft.node: e3589da502d44cf6 lost leader ed69672f88924e60 at term 3"]
[2023/05/16 16:22:45.656 +00:00] [INFO] [node.go:325] ["raft.node: e3589da502d44cf6 elected leader 30610c698d7a69f3 at term 3"]
[2023/05/16 16:22:45.657 +00:00] [INFO] [server.go:580] ["server is closed, exit allocator loop"]
[2023/05/16 16:22:45.657 +00:00] [INFO] [server.go:591] ["server is closed, exist encryption key manager loop"]
[2023/05/16 16:22:45.657 +00:00] [INFO] [server.go:1446] ["server is closed, exit etcd leader loop"]
[2023/05/16 16:22:45.657 +00:00] [INFO] [server.go:566] ["server is closed, exit metrics loop"]
[2023/05/16 16:22:45.657 +00:00] [INFO] [main.go:121] ["Got signal to exit"] [signal=terminated]
[2023/05/16 16:22:45.658 +00:00] [INFO] [server.go:460] ["closing server"]
[2023/05/16 16:22:46.162 +00:00] [WARN] [stream.go:436] ["lost TCP streaming connection with remote peer"] [stream-reader-type="stream MsgApp v2"] [local-member-id=e3589da502d44cf6] [remote-peer-id=ed69672f88924e60] [error=EOF]
[2023/05/16 16:22:46.162 +00:00] [WARN] [stream.go:436] ["lost TCP streaming connection with remote peer"] [stream-reader-type="stream Message"] [local-member-id=e3589da502d44cf6] [remote-peer-id=ed69672f88924e60] [error=EOF]
[2023/05/16 16:22:46.168 +00:00] [WARN] [peer_status.go:68] ["peer became inactive (message send to peer failed)"] [peer-id=ed69672f88924e60] [error="failed to dial ed69672f88924e60 on stream Message (peer ed69672f88924e60 failed to find local node e3589da502d44cf6)"]
[2023/05/16 16:22:46.655 +00:00] [INFO] [server.go:1308] ["pd leader has changed, try to re-campaign a pd leader"]
[2023/05/16 16:22:46.655 +00:00] [INFO] [server.go:1314] ["skip campaigning of pd leader and check later"] [server-name=pd0] [etcd-leader-id=3486081234046183923] [member-id=16382016976602811638]
[2023/05/16 16:22:46.856 +00:00] [INFO] [server.go:1284] ["server is closed, return pd leader loop"]
[2023/05/16 16:22:46.857 +00:00] [INFO] [etcd.go:360] ["closing etcd server"] [name=pd0] [data-dir=/data/pd0] [advertise-peer-urls="[http://pd0:2380]"] [advertise-client-urls="[http://pd0:2379]"]
[2023/05/16 16:22:46.857 +00:00] [INFO] [server.go:1451] ["skipped leadership transfer; local server is not leader"] [local-member-id=e3589da502d44cf6] [current-leader-member-id=30610c698d7a69f3]
[2023/05/16 16:22:46.857 +00:00] [WARN] [grpclog.go:60] ["transport: http2Server.HandleStreams failed to read frame: read tcp 127.0.0.1:2379->127.0.0.1:34844: use of closed network connection"]
[2023/05/16 16:22:46.858 +00:00] [INFO] [peer.go:333] ["stopping remote peer"] [remote-peer-id=30610c698d7a69f3]
[2023/05/16 16:22:46.858 +00:00] [WARN] [grpclog.go:60] ["grpc: addrConn.createTransport failed to connect to {0.0.0.0:2379  <nil> 0 <nil>}. Err :connection error: desc = \"transport: Error while dialing dial tcp 0.0.0.0:2379: operation was canceled\". Reconnecting..."]
[2023/05/16 16:22:46.859 +00:00] [WARN] [stream.go:291] ["closed TCP streaming connection with remote peer"] [stream-writer-type="stream MsgApp v2"] [remote-peer-id=30610c698d7a69f3]
[2023/05/16 16:22:46.860 +00:00] [WARN] [stream.go:301] ["stopped TCP streaming connection with remote peer"] [stream-writer-type="stream MsgApp v2"] [remote-peer-id=30610c698d7a69f3]
[2023/05/16 16:22:46.861 +00:00] [WARN] [stream.go:291] ["closed TCP streaming connection with remote peer"] [stream-writer-type="stream Message"] [remote-peer-id=30610c698d7a69f3]
[2023/05/16 16:22:46.861 +00:00] [WARN] [stream.go:301] ["stopped TCP streaming connection with remote peer"] [stream-writer-type="stream Message"] [remote-peer-id=30610c698d7a69f3]
[2023/05/16 16:22:46.862 +00:00] [INFO] [pipeline.go:86] ["stopped HTTP pipelining with remote peer"] [local-member-id=e3589da502d44cf6] [remote-peer-id=30610c698d7a69f3]
[2023/05/16 16:22:46.863 +00:00] [WARN] [stream.go:436] ["lost TCP streaming connection with remote peer"] [stream-reader-type="stream MsgApp v2"] [local-member-id=e3589da502d44cf6] [remote-peer-id=30610c698d7a69f3] [error="context canceled"]
[2023/05/16 16:22:46.863 +00:00] [WARN] [peer_status.go:68] ["peer became inactive (message send to peer failed)"] [peer-id=30610c698d7a69f3] [error="failed to read 30610c698d7a69f3 on stream MsgApp v2 (context canceled)"]
[2023/05/16 16:22:46.863 +00:00] [INFO] [stream.go:459] ["stopped stream reader with remote peer"] [stream-reader-type="stream MsgApp v2"] [local-member-id=e3589da502d44cf6] [remote-peer-id=30610c698d7a69f3]
[2023/05/16 16:22:46.864 +00:00] [WARN] [stream.go:436] ["lost TCP streaming connection with remote peer"] [stream-reader-type="stream Message"] [local-member-id=e3589da502d44cf6] [remote-peer-id=30610c698d7a69f3] [error="context canceled"]
[2023/05/16 16:22:46.864 +00:00] [INFO] [stream.go:459] ["stopped stream reader with remote peer"] [stream-reader-type="stream Message"] [local-member-id=e3589da502d44cf6] [remote-peer-id=30610c698d7a69f3]
[2023/05/16 16:22:46.864 +00:00] [INFO] [peer.go:340] ["stopped remote peer"] [remote-peer-id=30610c698d7a69f3]
[2023/05/16 16:22:46.864 +00:00] [INFO] [peer.go:333] ["stopping remote peer"] [remote-peer-id=ed69672f88924e60]
[2023/05/16 16:22:46.865 +00:00] [WARN] [stream.go:291] ["closed TCP streaming connection with remote peer"] [stream-writer-type="stream MsgApp v2"] [remote-peer-id=ed69672f88924e60]
[2023/05/16 16:22:46.866 +00:00] [WARN] [stream.go:301] ["stopped TCP streaming connection with remote peer"] [stream-writer-type="stream MsgApp v2"] [remote-peer-id=ed69672f88924e60]
[2023/05/16 16:22:46.866 +00:00] [WARN] [stream.go:291] ["closed TCP streaming connection with remote peer"] [stream-writer-type="stream Message"] [remote-peer-id=ed69672f88924e60]
[2023/05/16 16:22:46.867 +00:00] [WARN] [stream.go:301] ["stopped TCP streaming connection with remote peer"] [stream-writer-type="stream Message"] [remote-peer-id=ed69672f88924e60]
[2023/05/16 16:22:46.867 +00:00] [INFO] [pipeline.go:86] ["stopped HTTP pipelining with remote peer"] [local-member-id=e3589da502d44cf6] [remote-peer-id=ed69672f88924e60]
[2023/05/16 16:22:46.867 +00:00] [INFO] [stream.go:459] ["stopped stream reader with remote peer"] [stream-reader-type="stream MsgApp v2"] [local-member-id=e3589da502d44cf6] [remote-peer-id=ed69672f88924e60]
[2023/05/16 16:22:46.867 +00:00] [INFO] [stream.go:459] ["stopped stream reader with remote peer"] [stream-reader-type="stream Message"] [local-member-id=e3589da502d44cf6] [remote-peer-id=ed69672f88924e60]
[2023/05/16 16:22:46.868 +00:00] [INFO] [peer.go:340] ["stopped remote peer"] [remote-peer-id=ed69672f88924e60]
[2023/05/16 16:22:46.869 +00:00] [WARN] [http.go:444] ["failed to find remote peer in cluster"] [local-member-id=e3589da502d44cf6] [remote-peer-id-stream-handler=e3589da502d44cf6] [remote-peer-id-from=30610c698d7a69f3] [cluster-id=4586ab14de6050dd]
[2023/05/16 16:22:46.869 +00:00] [WARN] [http.go:444] ["failed to find remote peer in cluster"] [local-member-id=e3589da502d44cf6] [remote-peer-id-stream-handler=e3589da502d44cf6] [remote-peer-id-from=30610c698d7a69f3] [cluster-id=4586ab14de6050dd]
[2023/05/16 16:22:46.898 +00:00] [INFO] [etcd.go:555] ["stopping serving peer traffic"] [address="[::]:2380"]
[2023/05/16 16:22:46.898 +00:00] [INFO] [etcd.go:562] ["stopped serving peer traffic"] [address="[::]:2380"]
[2023/05/16 16:22:46.898 +00:00] [INFO] [etcd.go:364] ["closed etcd server"] [name=pd0] [data-dir=/data/pd0] [advertise-peer-urls="[http://pd0:2380]"] [advertise-client-urls="[http://pd0:2379]"]
[2023/05/16 16:22:46.898 +00:00] [INFO] [manager.go:73] ["exit dashboard loop"]
[2023/05/16 16:22:46.898 +00:00] [INFO] [server.go:494] ["close server"]
