[2023/05/16 16:10:57.683 +00:00] [INFO] [util.go:41] ["Welcome to Placement Driver (PD)"]
[2023/05/16 16:10:57.683 +00:00] [INFO] [util.go:42] [PD] [release-version=v6.1.0]
[2023/05/16 16:10:57.683 +00:00] [INFO] [util.go:43] [PD] [edition=Community]
[2023/05/16 16:10:57.683 +00:00] [INFO] [util.go:44] [PD] [git-hash=d82f4fab6cf37cd1eca9c3574984e12a7ae27c42]
[2023/05/16 16:10:57.683 +00:00] [INFO] [util.go:45] [PD] [git-branch=heads/refs/tags/v6.1.0]
[2023/05/16 16:10:57.683 +00:00] [INFO] [util.go:46] [PD] [utc-build-time="2022-06-01 01:44:08"]
[2023/05/16 16:10:57.683 +00:00] [INFO] [metricutil.go:83] ["disable Prometheus push client"]
[2023/05/16 16:10:57.684 +00:00] [INFO] [server.go:240] ["PD Config"] [config="{\"client-urls\":\"http://0.0.0.0:2379\",\"peer-urls\":\"http://0.0.0.0:2380\",\"advertise-client-urls\":\"http://pd1:2379\",\"advertise-peer-urls\":\"http://pd1:2380\",\"name\":\"pd1\",\"data-dir\":\"/data/pd1\",\"force-new-cluster\":false,\"enable-grpc-gateway\":true,\"initial-cluster\":\"pd0=http://pd0:2380,pd1=http://pd1:2380,pd2=http://pd2:2380\",\"initial-cluster-state\":\"new\",\"initial-cluster-token\":\"pd-cluster\",\"join\":\"\",\"lease\":3,\"log\":{\"level\":\"info\",\"format\":\"text\",\"disable-timestamp\":false,\"file\":{\"filename\":\"/logs/pd1.log\",\"max-size\":300,\"max-days\":0,\"max-backups\":0},\"development\":false,\"disable-caller\":false,\"disable-stacktrace\":false,\"disable-error-verbose\":true,\"sampling\":null},\"tso-save-interval\":\"3s\",\"tso-update-physical-interval\":\"50ms\",\"enable-local-tso\":false,\"metric\":{\"job\":\"pd1\",\"address\":\"\",\"interval\":\"15s\"},\"schedule\":{\"max-snapshot-count\":64,\"max-pending-peer-count\":64,\"max-merge-region-size\":20,\"max-merge-region-keys\":200000,\"split-merge-interval\":\"1h0m0s\",\"enable-one-way-merge\":\"false\",\"enable-cross-table-merge\":\"true\",\"patrol-region-interval\":\"10ms\",\"max-store-down-time\":\"30m0s\",\"max-store-preparing-time\":\"48h0m0s\",\"leader-schedule-limit\":4,\"leader-schedule-policy\":\"count\",\"region-schedule-limit\":2048,\"replica-schedule-limit\":64,\"merge-schedule-limit\":8,\"hot-region-schedule-limit\":4,\"hot-region-cache-hits-threshold\":3,\"store-limit\":{},\"tolerant-size-ratio\":0,\"low-space-ratio\":0.8,\"high-space-ratio\":0.7,\"region-score-formula-version\":\"v2\",\"scheduler-max-waiting-operator\":5,\"enable-remove-down-replica\":\"true\",\"enable-replace-offline-replica\":\"true\",\"enable-make-up-replica\":\"true\",\"enable-remove-extra-replica\":\"true\",\"enable-location-replacement\":\"true\",\"enable-debug-metrics\":\"false\",\"enable-joint-consensus\":\"true\",\"schedulers-v2\":[{\"type\":\"balance-region\",\"args\":null,\"disable\":false,\"args-payload\":\"\"},{\"type\":\"balance-leader\",\"args\":null,\"disable\":false,\"args-payload\":\"\"},{\"type\":\"hot-region\",\"args\":null,\"disable\":false,\"args-payload\":\"\"},{\"type\":\"split-bucket\",\"args\":null,\"disable\":false,\"args-payload\":\"\"}],\"schedulers-payload\":null,\"store-limit-mode\":\"manual\",\"hot-regions-write-interval\":\"10m0s\",\"hot-regions-reserved-days\":7},\"replication\":{\"max-replicas\":3,\"location-labels\":\"\",\"strictly-match-label\":\"false\",\"enable-placement-rules\":\"true\",\"enable-placement-rules-cache\":\"false\",\"isolation-level\":\"\"},\"pd-server\":{\"use-region-storage\":\"true\",\"max-gap-reset-ts\":\"24h0m0s\",\"key-type\":\"table\",\"runtime-services\":\"\",\"metric-storage\":\"\",\"dashboard-address\":\"auto\",\"trace-region-flow\":\"true\",\"flow-round-by-digit\":3,\"min-resolved-ts-persistence-interval\":\"0s\"},\"cluster-version\":\"0.0.0\",\"labels\":{},\"quota-backend-bytes\":\"8GiB\",\"auto-compaction-mode\":\"periodic\",\"auto-compaction-retention-v2\":\"1h\",\"TickInterval\":\"500ms\",\"ElectionInterval\":\"3s\",\"PreVote\":true,\"max-request-bytes\":157286400,\"security\":{\"cacert-path\":\"\",\"cert-path\":\"\",\"key-path\":\"\",\"cert-allowed-cn\":null,\"SSLCABytes\":null,\"SSLCertBytes\":null,\"SSLKEYBytes\":null,\"redact-info-log\":false,\"encryption\":{\"data-encryption-method\":\"plaintext\",\"data-key-rotation-period\":\"168h0m0s\",\"master-key\":{\"type\":\"plaintext\",\"key-id\":\"\",\"region\":\"\",\"endpoint\":\"\",\"path\":\"\"}}},\"label-property\":null,\"WarningMsgs\":null,\"DisableStrictReconfigCheck\":false,\"HeartbeatStreamBindInterval\":\"1m0s\",\"LeaderPriorityCheckInterval\":\"1m0s\",\"dashboard\":{\"tidb-cacert-path\":\"\",\"tidb-cert-path\":\"\",\"tidb-key-path\":\"\",\"public-path-prefix\":\"\",\"internal-proxy\":false,\"enable-telemetry\":true,\"enable-experimental\":false},\"replication-mode\":{\"replication-mode\":\"majority\",\"dr-auto-sync\":{\"label-key\":\"\",\"primary\":\"\",\"dr\":\"\",\"primary-replicas\":0,\"dr-replicas\":0,\"wait-store-timeout\":\"1m0s\",\"wait-sync-timeout\":\"1m0s\",\"wait-async-timeout\":\"2m0s\",\"pause-region-split\":\"false\"}}}"]
[2023/05/16 16:10:57.689 +00:00] [INFO] [server.go:215] ["register REST path"] [path=/pd/api/v1]
[2023/05/16 16:10:57.689 +00:00] [INFO] [server.go:215] ["register REST path"] [path=/pd/api/v2/]
[2023/05/16 16:10:57.689 +00:00] [INFO] [server.go:215] ["register REST path"] [path=/swagger/]
[2023/05/16 16:10:57.689 +00:00] [INFO] [server.go:215] ["register REST path"] [path=/autoscaling]
[2023/05/16 16:10:57.689 +00:00] [INFO] [distro.go:51] ["Using distribution strings"] [strings={}]
[2023/05/16 16:10:57.691 +00:00] [INFO] [server.go:215] ["register REST path"] [path=/dashboard/api/]
[2023/05/16 16:10:57.691 +00:00] [INFO] [server.go:215] ["register REST path"] [path=/dashboard/]
[2023/05/16 16:10:57.693 +00:00] [INFO] [etcd.go:117] ["configuring peer listeners"] [listen-peer-urls="[http://0.0.0.0:2380]"]
[2023/05/16 16:10:57.693 +00:00] [INFO] [systimemon.go:28] ["start system time monitor"]
[2023/05/16 16:10:57.693 +00:00] [INFO] [etcd.go:127] ["configuring client listeners"] [listen-client-urls="[http://0.0.0.0:2379]"]
[2023/05/16 16:10:57.693 +00:00] [INFO] [etcd.go:602] ["pprof is enabled"] [path=/debug/pprof]
[2023/05/16 16:10:57.694 +00:00] [INFO] [etcd.go:299] ["starting an etcd server"] [etcd-version=3.4.3] [git-sha="Not provided (use ./build instead of go build)"] [go-version=go1.18.2] [go-os=linux] [go-arch=amd64] [max-cpu-set=8] [max-cpu-available=8] [member-initialized=false] [name=pd1] [data-dir=/data/pd1] [wal-dir=] [wal-dir-dedicated=] [member-dir=/data/pd1/member] [force-new-cluster=false] [heartbeat-interval=500ms] [election-timeout=3s] [initial-election-tick-advance=true] [snapshot-count=100000] [snapshot-catchup-entries=5000] [initial-advertise-peer-urls="[http://pd1:2380]"] [listen-peer-urls="[http://0.0.0.0:2380]"] [advertise-client-urls="[http://pd1:2379]"] [listen-client-urls="[http://0.0.0.0:2379]"] [listen-metrics-urls="[]"] [cors="[*]"] [host-whitelist="[*]"] [initial-cluster="pd0=http://pd0:2380,pd1=http://pd1:2380,pd2=http://pd2:2380"] [initial-cluster-state=new] [initial-cluster-token=pd-cluster] [quota-size-bytes=8589934592] [pre-vote=true] [initial-corrupt-check=false] [corrupt-check-time-interval=0s] [auto-compaction-mode=periodic] [auto-compaction-retention=1h0m0s] [auto-compaction-interval=1h0m0s] [discovery-url=] [discovery-proxy=]
[2023/05/16 16:10:57.694 +00:00] [WARN] [server.go:298] ["exceeded recommended request limit"] [max-request-bytes=157286400] [max-request-size="157 MB"] [recommended-request-bytes=10485760] [recommended-request-size="10 MB"]
[2023/05/16 16:10:57.695 +00:00] [INFO] [backend.go:79] ["opened backend db"] [path=/data/pd1/member/snap/db] [took=387.913µs]
[2023/05/16 16:10:57.696 +00:00] [INFO] [netutil.go:112] ["resolved URL Host"] [url=http://pd1:2380] [host=pd1:2380] [resolved-addr=172.18.0.2:2380]
[2023/05/16 16:10:57.697 +00:00] [INFO] [netutil.go:112] ["resolved URL Host"] [url=http://pd1:2380] [host=pd1:2380] [resolved-addr=172.18.0.2:2380]
[2023/05/16 16:10:58.725 +00:00] [INFO] [raft.go:456] ["starting local member"] [local-member-id=ed69672f88924e60] [cluster-id=4586ab14de6050dd]
[2023/05/16 16:10:58.726 +00:00] [INFO] [raft.go:1530] ["ed69672f88924e60 switched to configuration voters=()"]
[2023/05/16 16:10:58.726 +00:00] [INFO] [raft.go:700] ["ed69672f88924e60 became follower at term 0"]
[2023/05/16 16:10:58.726 +00:00] [INFO] [raft.go:383] ["newRaft ed69672f88924e60 [peers: [], term: 0, commit: 0, applied: 0, lastindex: 0, lastterm: 0]"]
[2023/05/16 16:10:58.726 +00:00] [INFO] [raft.go:700] ["ed69672f88924e60 became follower at term 1"]
[2023/05/16 16:10:58.726 +00:00] [INFO] [raft.go:1530] ["ed69672f88924e60 switched to configuration voters=(3486081234046183923)"]
[2023/05/16 16:10:58.726 +00:00] [INFO] [raft.go:1530] ["ed69672f88924e60 switched to configuration voters=(3486081234046183923 16382016976602811638)"]
[2023/05/16 16:10:58.726 +00:00] [INFO] [raft.go:1530] ["ed69672f88924e60 switched to configuration voters=(3486081234046183923 16382016976602811638 17107318113395953248)"]
[2023/05/16 16:10:58.726 +00:00] [WARN] [store.go:1317] ["simple token is not cryptographically signed"]
[2023/05/16 16:10:58.727 +00:00] [INFO] [quota.go:126] ["enabled backend quota"] [quota-name=v3-applier] [quota-size-bytes=8589934592] [quota-size="8.6 GB"]
[2023/05/16 16:10:58.727 +00:00] [INFO] [peer.go:128] ["starting remote peer"] [remote-peer-id=30610c698d7a69f3]
[2023/05/16 16:10:58.727 +00:00] [INFO] [pipeline.go:71] ["started HTTP pipelining with remote peer"] [local-member-id=ed69672f88924e60] [remote-peer-id=30610c698d7a69f3]
[2023/05/16 16:10:58.728 +00:00] [INFO] [stream.go:166] ["started stream writer with remote peer"] [local-member-id=ed69672f88924e60] [remote-peer-id=30610c698d7a69f3]
[2023/05/16 16:10:58.728 +00:00] [INFO] [stream.go:166] ["started stream writer with remote peer"] [local-member-id=ed69672f88924e60] [remote-peer-id=30610c698d7a69f3]
[2023/05/16 16:10:58.728 +00:00] [INFO] [peer.go:134] ["started remote peer"] [remote-peer-id=30610c698d7a69f3]
[2023/05/16 16:10:58.729 +00:00] [INFO] [stream.go:406] ["started stream reader with remote peer"] [stream-reader-type="stream Message"] [local-member-id=ed69672f88924e60] [remote-peer-id=30610c698d7a69f3]
[2023/05/16 16:10:58.729 +00:00] [INFO] [transport.go:327] ["added remote peer"] [local-member-id=ed69672f88924e60] [remote-peer-id=30610c698d7a69f3] [remote-peer-urls="[http://pd2:2380]"]
[2023/05/16 16:10:58.729 +00:00] [INFO] [peer.go:128] ["starting remote peer"] [remote-peer-id=e3589da502d44cf6]
[2023/05/16 16:10:58.728 +00:00] [INFO] [stream.go:406] ["started stream reader with remote peer"] [stream-reader-type="stream MsgApp v2"] [local-member-id=ed69672f88924e60] [remote-peer-id=30610c698d7a69f3]
[2023/05/16 16:10:58.730 +00:00] [INFO] [pipeline.go:71] ["started HTTP pipelining with remote peer"] [local-member-id=ed69672f88924e60] [remote-peer-id=e3589da502d44cf6]
[2023/05/16 16:10:58.734 +00:00] [INFO] [stream.go:166] ["started stream writer with remote peer"] [local-member-id=ed69672f88924e60] [remote-peer-id=e3589da502d44cf6]
[2023/05/16 16:10:58.735 +00:00] [INFO] [stream.go:166] ["started stream writer with remote peer"] [local-member-id=ed69672f88924e60] [remote-peer-id=e3589da502d44cf6]
[2023/05/16 16:10:58.735 +00:00] [INFO] [peer.go:134] ["started remote peer"] [remote-peer-id=e3589da502d44cf6]
[2023/05/16 16:10:58.736 +00:00] [INFO] [stream.go:406] ["started stream reader with remote peer"] [stream-reader-type="stream Message"] [local-member-id=ed69672f88924e60] [remote-peer-id=e3589da502d44cf6]
[2023/05/16 16:10:58.736 +00:00] [INFO] [stream.go:406] ["started stream reader with remote peer"] [stream-reader-type="stream MsgApp v2"] [local-member-id=ed69672f88924e60] [remote-peer-id=e3589da502d44cf6]
[2023/05/16 16:10:58.736 +00:00] [INFO] [transport.go:327] ["added remote peer"] [local-member-id=ed69672f88924e60] [remote-peer-id=e3589da502d44cf6] [remote-peer-urls="[http://pd0:2380]"]
[2023/05/16 16:10:58.736 +00:00] [INFO] [server.go:792] ["starting etcd server"] [local-member-id=ed69672f88924e60] [local-server-version=3.4.3] [cluster-version=to_be_decided]
[2023/05/16 16:10:58.736 +00:00] [INFO] [server.go:680] ["starting initial election tick advance"] [election-ticks=6]
[2023/05/16 16:10:58.736 +00:00] [INFO] [raft.go:1530] ["ed69672f88924e60 switched to configuration voters=(3486081234046183923 16382016976602811638 17107318113395953248)"]
[2023/05/16 16:10:58.736 +00:00] [INFO] [cluster.go:392] ["added member"] [cluster-id=4586ab14de6050dd] [local-member-id=ed69672f88924e60] [added-peer-id=30610c698d7a69f3] [added-peer-peer-urls="[http://pd2:2380]"]
[2023/05/16 16:10:58.736 +00:00] [INFO] [raft.go:1530] ["ed69672f88924e60 switched to configuration voters=(3486081234046183923 16382016976602811638 17107318113395953248)"]
[2023/05/16 16:10:58.736 +00:00] [INFO] [cluster.go:392] ["added member"] [cluster-id=4586ab14de6050dd] [local-member-id=ed69672f88924e60] [added-peer-id=e3589da502d44cf6] [added-peer-peer-urls="[http://pd0:2380]"]
[2023/05/16 16:10:58.737 +00:00] [INFO] [raft.go:1530] ["ed69672f88924e60 switched to configuration voters=(3486081234046183923 16382016976602811638 17107318113395953248)"]
[2023/05/16 16:10:58.737 +00:00] [INFO] [cluster.go:392] ["added member"] [cluster-id=4586ab14de6050dd] [local-member-id=ed69672f88924e60] [added-peer-id=ed69672f88924e60] [added-peer-peer-urls="[http://pd1:2380]"]
[2023/05/16 16:10:58.738 +00:00] [INFO] [etcd.go:576] ["serving peer traffic"] [address="[::]:2380"]
[2023/05/16 16:10:58.738 +00:00] [INFO] [etcd.go:241] ["now serving peer/client/metrics"] [local-member-id=ed69672f88924e60] [initial-advertise-peer-urls="[http://pd1:2380]"] [listen-peer-urls="[http://0.0.0.0:2380]"] [advertise-client-urls="[http://pd1:2379]"] [listen-client-urls="[http://0.0.0.0:2379]"] [listen-metrics-urls="[]"]
[2023/05/16 16:10:58.806 +00:00] [INFO] [stream.go:250] ["set message encoder"] [from=ed69672f88924e60] [to=ed69672f88924e60] [stream-type="stream MsgApp v2"]
[2023/05/16 16:10:58.806 +00:00] [INFO] [peer_status.go:51] ["peer became active"] [peer-id=30610c698d7a69f3]
[2023/05/16 16:10:58.806 +00:00] [WARN] [stream.go:277] ["established TCP streaming connection with remote peer"] [stream-writer-type="stream MsgApp v2"] [local-member-id=ed69672f88924e60] [remote-peer-id=30610c698d7a69f3]
[2023/05/16 16:10:58.806 +00:00] [INFO] [stream.go:250] ["set message encoder"] [from=ed69672f88924e60] [to=ed69672f88924e60] [stream-type="stream Message"]
[2023/05/16 16:10:58.806 +00:00] [WARN] [stream.go:277] ["established TCP streaming connection with remote peer"] [stream-writer-type="stream Message"] [local-member-id=ed69672f88924e60] [remote-peer-id=30610c698d7a69f3]
[2023/05/16 16:10:58.810 +00:00] [INFO] [stream.go:425] ["established TCP streaming connection with remote peer"] [stream-reader-type="stream Message"] [local-member-id=ed69672f88924e60] [remote-peer-id=30610c698d7a69f3]
[2023/05/16 16:10:58.811 +00:00] [INFO] [stream.go:425] ["established TCP streaming connection with remote peer"] [stream-reader-type="stream MsgApp v2"] [local-member-id=ed69672f88924e60] [remote-peer-id=30610c698d7a69f3]
[2023/05/16 16:10:58.837 +00:00] [INFO] [stream.go:250] ["set message encoder"] [from=ed69672f88924e60] [to=ed69672f88924e60] [stream-type="stream MsgApp v2"]
[2023/05/16 16:10:58.838 +00:00] [INFO] [peer_status.go:51] ["peer became active"] [peer-id=e3589da502d44cf6]
[2023/05/16 16:10:58.838 +00:00] [WARN] [stream.go:277] ["established TCP streaming connection with remote peer"] [stream-writer-type="stream MsgApp v2"] [local-member-id=ed69672f88924e60] [remote-peer-id=e3589da502d44cf6]
[2023/05/16 16:10:58.838 +00:00] [INFO] [stream.go:250] ["set message encoder"] [from=ed69672f88924e60] [to=ed69672f88924e60] [stream-type="stream Message"]
[2023/05/16 16:10:58.838 +00:00] [WARN] [stream.go:277] ["established TCP streaming connection with remote peer"] [stream-writer-type="stream Message"] [local-member-id=ed69672f88924e60] [remote-peer-id=e3589da502d44cf6]
[2023/05/16 16:10:58.840 +00:00] [INFO] [stream.go:425] ["established TCP streaming connection with remote peer"] [stream-reader-type="stream Message"] [local-member-id=ed69672f88924e60] [remote-peer-id=e3589da502d44cf6]
[2023/05/16 16:10:58.840 +00:00] [INFO] [stream.go:425] ["established TCP streaming connection with remote peer"] [stream-reader-type="stream MsgApp v2"] [local-member-id=ed69672f88924e60] [remote-peer-id=e3589da502d44cf6]
[2023/05/16 16:10:58.888 +00:00] [INFO] [server.go:705] ["initialized peer connections; fast-forwarding election ticks"] [local-member-id=ed69672f88924e60] [forward-ticks=4] [forward-duration=2s] [election-ticks=6] [election-timeout=3s] [active-remote-members=2]
[2023/05/16 16:10:59.727 +00:00] [INFO] [raft.go:923] ["ed69672f88924e60 is starting a new election at term 1"]
[2023/05/16 16:10:59.728 +00:00] [INFO] [raft.go:729] ["ed69672f88924e60 became pre-candidate at term 1"]
[2023/05/16 16:10:59.729 +00:00] [INFO] [raft.go:824] ["ed69672f88924e60 received MsgPreVoteResp from ed69672f88924e60 at term 1"]
[2023/05/16 16:10:59.729 +00:00] [INFO] [raft.go:811] ["ed69672f88924e60 [logterm: 1, index: 3] sent MsgPreVote request to 30610c698d7a69f3 at term 1"]
[2023/05/16 16:10:59.730 +00:00] [INFO] [raft.go:811] ["ed69672f88924e60 [logterm: 1, index: 3] sent MsgPreVote request to e3589da502d44cf6 at term 1"]
[2023/05/16 16:10:59.732 +00:00] [INFO] [raft.go:824] ["ed69672f88924e60 received MsgPreVoteResp from 30610c698d7a69f3 at term 1"]
[2023/05/16 16:10:59.733 +00:00] [INFO] [raft.go:1302] ["ed69672f88924e60 has received 2 MsgPreVoteResp votes and 0 vote rejections"]
[2023/05/16 16:10:59.733 +00:00] [INFO] [raft.go:713] ["ed69672f88924e60 became candidate at term 2"]
[2023/05/16 16:10:59.733 +00:00] [INFO] [raft.go:824] ["ed69672f88924e60 received MsgVoteResp from ed69672f88924e60 at term 2"]
[2023/05/16 16:10:59.733 +00:00] [INFO] [raft.go:811] ["ed69672f88924e60 [logterm: 1, index: 3] sent MsgVote request to 30610c698d7a69f3 at term 2"]
[2023/05/16 16:10:59.733 +00:00] [INFO] [raft.go:811] ["ed69672f88924e60 [logterm: 1, index: 3] sent MsgVote request to e3589da502d44cf6 at term 2"]
[2023/05/16 16:10:59.736 +00:00] [INFO] [raft.go:824] ["ed69672f88924e60 received MsgVoteResp from 30610c698d7a69f3 at term 2"]
[2023/05/16 16:10:59.736 +00:00] [INFO] [raft.go:1302] ["ed69672f88924e60 has received 2 MsgVoteResp votes and 0 vote rejections"]
[2023/05/16 16:10:59.736 +00:00] [INFO] [raft.go:765] ["ed69672f88924e60 became leader at term 2"]
[2023/05/16 16:10:59.736 +00:00] [INFO] [node.go:325] ["raft.node: ed69672f88924e60 elected leader ed69672f88924e60 at term 2"]
[2023/05/16 16:10:59.736 +00:00] [INFO] [server.go:2016] ["published local member to cluster through raft"] [local-member-id=ed69672f88924e60] [local-member-attributes="{Name:pd1 ClientURLs:[http://pd1:2379]}"] [request-path=/0/members/ed69672f88924e60/attributes] [cluster-id=4586ab14de6050dd] [publish-timeout=11s]
[2023/05/16 16:10:59.736 +00:00] [INFO] [server.go:326] ["create etcd v3 client"] [endpoints="[http://pd1:2379]"] [cert="{\"cacert-path\":\"\",\"cert-path\":\"\",\"key-path\":\"\",\"cert-allowed-cn\":null,\"SSLCABytes\":null,\"SSLCertBytes\":null,\"SSLKEYBytes\":null,\"redact-info-log\":false,\"encryption\":{\"data-encryption-method\":\"plaintext\",\"data-key-rotation-period\":\"168h0m0s\",\"master-key\":{\"type\":\"plaintext\",\"key-id\":\"\",\"region\":\"\",\"endpoint\":\"\",\"path\":\"\"}}}"]
[2023/05/16 16:10:59.737 +00:00] [INFO] [serve.go:139] ["serving client traffic insecurely; this is strongly discouraged!"] [address="[::]:2379"]
[2023/05/16 16:10:59.738 +00:00] [INFO] [server.go:2501] ["setting up initial cluster version"] [cluster-version=3.4]
[2023/05/16 16:10:59.739 +00:00] [INFO] [cluster.go:558] ["set initial cluster version"] [cluster-id=4586ab14de6050dd] [local-member-id=ed69672f88924e60] [cluster-version=3.4]
[2023/05/16 16:10:59.739 +00:00] [INFO] [capability.go:76] ["enabled capabilities for version"] [cluster-version=3.4]
[2023/05/16 16:10:59.739 +00:00] [INFO] [server.go:2533] ["cluster version is updated"] [cluster-version=3.4]
[2023/05/16 16:10:59.741 +00:00] [INFO] [server.go:381] ["init cluster id"] [cluster-id=7233813527423341226]
[2023/05/16 16:10:59.745 +00:00] [INFO] [history_buffer.go:147] ["start from history index"] [start-index=0]
[2023/05/16 16:10:59.749 +00:00] [INFO] [server.go:1326] ["start to campaign pd leader"] [campaign-pd-leader-name=pd1]
[2023/05/16 16:10:59.749 +00:00] [INFO] [lease.go:65] ["lease granted"] [lease-id=5647663626631325196] [lease-timeout=3] [purpose="pd leader election"]
[2023/05/16 16:10:59.750 +00:00] [INFO] [leadership.go:122] ["check campaign resp"] [resp="{\"header\":{\"cluster_id\":5009879741614805213,\"member_id\":17107318113395953248,\"revision\":11,\"raft_term\":2},\"succeeded\":true,\"responses\":[{\"Response\":{\"ResponsePut\":{\"header\":{\"revision\":11}}}}]}"]
[2023/05/16 16:10:59.750 +00:00] [INFO] [leadership.go:131] ["write leaderData to leaderPath ok"] [leaderPath=/pd/7233813527423341226/leader] [purpose="pd leader election"]
[2023/05/16 16:10:59.750 +00:00] [INFO] [server.go:1352] ["campaign pd leader ok"] [campaign-pd-leader-name=pd1]
[2023/05/16 16:10:59.750 +00:00] [INFO] [server.go:1359] ["initializing the global TSO allocator"]
[2023/05/16 16:10:59.750 +00:00] [INFO] [lease.go:135] ["start lease keep alive worker"] [interval=1s] [purpose="pd leader election"]
[2023/05/16 16:10:59.752 +00:00] [INFO] [tso.go:221] ["sync and save timestamp"] [last=0001/01/01 00:00:00.000 +00:00] [save=2023/05/16 16:11:02.751 +00:00] [next=2023/05/16 16:10:59.751 +00:00]
[2023/05/16 16:10:59.753 +00:00] [INFO] [server.go:1470] ["server enable region storage"]
[2023/05/16 16:10:59.756 +00:00] [INFO] [id.go:122] ["idAllocator allocates a new id"] [alloc-id=1000]
[2023/05/16 16:10:59.756 +00:00] [INFO] [util.go:77] ["load cluster version"] [cluster-version=0.0.0]
[2023/05/16 16:10:59.756 +00:00] [INFO] [server.go:1410] ["PD cluster leader is ready to serve"] [pd-leader-name=pd1]
[2023/05/16 16:11:00.176 +00:00] [INFO] [server.go:603] ["try to bootstrap raft cluster"] [cluster-id=7233813527423341226] [request="header:<cluster_id:7233813527423341226 > store:<id:1 address:\"tikv0:20160\" version:\"6.1.0\" status_address:\"127.0.0.1:20180\" git_hash:\"080d086832ae5ce2495352dccaf8df5d40f30687\" start_timestamp:1684253460 deploy_path:\"/\" > region:<id:4 region_epoch:<conf_ver:1 version:1 > peers:<id:5 store_id:1 > > "]
[2023/05/16 16:11:00.177 +00:00] [INFO] [server.go:664] ["bootstrap cluster ok"] [cluster-id=7233813527423341226]
[2023/05/16 16:11:00.179 +00:00] [INFO] [cluster.go:352] ["load stores"] [count=1] [cost=1.34406ms]
[2023/05/16 16:11:00.179 +00:00] [INFO] [cluster.go:363] ["load regions"] [count=1] [cost=61.237µs]
[2023/05/16 16:11:00.182 +00:00] [INFO] [coordinator.go:318] ["coordinator starts to collect cluster information"]
[2023/05/16 16:11:00.185 +00:00] [INFO] [cluster.go:1891] ["cluster version changed"] [old-cluster-version=0.0.0] [new-cluster-version=6.1.0]
[2023/05/16 16:11:00.185 +00:00] [INFO] [cluster.go:2047] ["store limit added"] [store-id=1]
[2023/05/16 16:11:00.185 +00:00] [INFO] [grpc_service.go:526] ["put store ok"] [store="id:1 address:\"tikv0:20160\" version:\"6.1.0\" status_address:\"127.0.0.1:20180\" git_hash:\"080d086832ae5ce2495352dccaf8df5d40f30687\" start_timestamp:1684253460 deploy_path:\"/\" "]
[2023/05/16 16:11:00.185 +00:00] [INFO] [util.go:77] ["load cluster version"] [cluster-version=6.1.0]
[2023/05/16 16:11:00.206 +00:00] [INFO] [cluster.go:2047] ["store limit added"] [store-id=2]
[2023/05/16 16:11:00.206 +00:00] [INFO] [grpc_service.go:526] ["put store ok"] [store="id:2 address:\"tikv2:20160\" version:\"6.1.0\" status_address:\"127.0.0.1:20180\" git_hash:\"080d086832ae5ce2495352dccaf8df5d40f30687\" start_timestamp:1684253460 deploy_path:\"/\" "]
[2023/05/16 16:11:00.206 +00:00] [INFO] [util.go:77] ["load cluster version"] [cluster-version=6.1.0]
[2023/05/16 16:11:00.207 +00:00] [INFO] [cluster.go:2047] ["store limit added"] [store-id=3]
[2023/05/16 16:11:00.207 +00:00] [INFO] [grpc_service.go:526] ["put store ok"] [store="id:3 address:\"tikv1:20160\" version:\"6.1.0\" status_address:\"127.0.0.1:20180\" git_hash:\"080d086832ae5ce2495352dccaf8df5d40f30687\" start_timestamp:1684253460 deploy_path:\"/\" "]
[2023/05/16 16:11:00.207 +00:00] [INFO] [util.go:77] ["load cluster version"] [cluster-version=6.1.0]
[2023/05/16 16:11:00.748 +00:00] [INFO] [server.go:1021] ["PD server config is updated"] [new="{\"use-region-storage\":\"true\",\"max-gap-reset-ts\":\"24h0m0s\",\"key-type\":\"table\",\"runtime-services\":\"\",\"metric-storage\":\"\",\"dashboard-address\":\"http://pd2:2379\",\"trace-region-flow\":\"true\",\"flow-round-by-digit\":3,\"min-resolved-ts-persistence-interval\":\"0s\"}"] [old="{\"use-region-storage\":\"true\",\"max-gap-reset-ts\":\"24h0m0s\",\"key-type\":\"table\",\"runtime-services\":\"\",\"metric-storage\":\"\",\"dashboard-address\":\"auto\",\"trace-region-flow\":\"true\",\"flow-round-by-digit\":3,\"min-resolved-ts-persistence-interval\":\"0s\"}"]
[2023/05/16 16:11:00.753 +00:00] [INFO] [server.go:214] ["establish sync region stream"] [requested-server=pd2] [url=http://pd2:2379]
[2023/05/16 16:11:00.753 +00:00] [INFO] [server.go:297] ["sync the history regions with server"] [server=pd2] [from-index=0] [last-index=1] [records-length=1]
[2023/05/16 16:11:00.761 +00:00] [INFO] [server.go:214] ["establish sync region stream"] [requested-server=pd0] [url=http://pd0:2379]
[2023/05/16 16:11:00.761 +00:00] [INFO] [server.go:297] ["sync the history regions with server"] [server=pd0] [from-index=0] [last-index=1] [records-length=1]
[2023/05/16 16:11:03.182 +00:00] [INFO] [coordinator.go:321] ["coordinator has finished cluster information preparation"]
[2023/05/16 16:11:03.183 +00:00] [INFO] [coordinator.go:331] ["coordinator starts to run schedulers"]
[2023/05/16 16:11:03.190 +00:00] [INFO] [coordinator.go:401] ["create scheduler"] [scheduler-name=balance-region-scheduler] [scheduler-args="[]"]
[2023/05/16 16:11:03.195 +00:00] [INFO] [coordinator.go:401] ["create scheduler"] [scheduler-name=balance-leader-scheduler] [scheduler-args="[]"]
[2023/05/16 16:11:03.200 +00:00] [INFO] [coordinator.go:401] ["create scheduler"] [scheduler-name=balance-hot-region-scheduler] [scheduler-args="[]"]
[2023/05/16 16:11:03.206 +00:00] [INFO] [coordinator.go:401] ["create scheduler"] [scheduler-name=split-bucket-scheduler] [scheduler-args="[]"]
[2023/05/16 16:11:03.211 +00:00] [INFO] [coordinator.go:109] ["coordinator starts patrol regions"]
[2023/05/16 16:11:03.211 +00:00] [INFO] [coordinator.go:225] ["coordinator begins to check suspect key ranges"]
[2023/05/16 16:11:03.211 +00:00] [INFO] [coordinator.go:290] ["coordinator begins to actively drive push operator"]
[2023/05/16 16:11:04.201 +00:00] [INFO] [hot_region_config.go:351] ["query supported changed"] [last-query-support=false] [cluster-version=6.1.0] [config="{\"min-hot-byte-rate\":100,\"min-hot-key-rate\":10,\"min-hot-query-rate\":10,\"max-zombie-rounds\":3,\"max-peer-number\":1000,\"byte-rate-rank-step-ratio\":0.05,\"key-rate-rank-step-ratio\":0.05,\"query-rate-rank-step-ratio\":0.05,\"count-rank-step-ratio\":0.01,\"great-dec-ratio\":0.95,\"minor-dec-ratio\":0.99,\"src-tolerance-ratio\":1.05,\"dst-tolerance-ratio\":1.05,\"read-priorities\":[\"query\",\"byte\"],\"write-leader-priorities\":[\"key\",\"byte\"],\"write-peer-priorities\":[\"byte\",\"key\"],\"strict-picking-store\":\"true\",\"enable-for-tiflash\":\"true\",\"forbid-rw-type\":\"none\"}"] [valid-config="{\"min-hot-byte-rate\":100,\"min-hot-key-rate\":10,\"min-hot-query-rate\":10,\"max-zombie-rounds\":3,\"max-peer-number\":1000,\"byte-rate-rank-step-ratio\":0.05,\"key-rate-rank-step-ratio\":0.05,\"query-rate-rank-step-ratio\":0.05,\"count-rank-step-ratio\":0.01,\"great-dec-ratio\":0.95,\"minor-dec-ratio\":0.99,\"src-tolerance-ratio\":1.05,\"dst-tolerance-ratio\":1.05,\"read-priorities\":[\"byte\",\"key\"],\"write-leader-priorities\":[\"key\",\"byte\"],\"write-peer-priorities\":[\"byte\",\"key\"],\"strict-picking-store\":\"true\",\"enable-for-tiflash\":\"true\"}"]
[2023/05/16 16:11:10.182 +00:00] [INFO] [cluster.go:1400] ["store has changed to serving"] [store-id=1] [store-address=tikv0:20160]
[2023/05/16 16:11:10.186 +00:00] [INFO] [cluster.go:1400] ["store has changed to serving"] [store-id=2] [store-address=tikv2:20160]
[2023/05/16 16:11:10.192 +00:00] [INFO] [cluster.go:1400] ["store has changed to serving"] [store-id=3] [store-address=tikv1:20160]
[2023/05/16 16:11:10.220 +00:00] [INFO] [operator_controller.go:450] ["add operator"] [region-id=4] [operator="\"add-rule-peer {add peer: store [2]} (kind:replica,region, region:4(1, 1), createAt:2023-05-16 16:11:10.220345612 +0000 UTC m=+12.603008588, startAt:0001-01-01 00:00:00 +0000 UTC, currentStep:0, size:0, steps:[add learner peer 6 on store 2, promote learner peer 6 on store 2 to voter])\""] [additional-info=]
[2023/05/16 16:11:10.221 +00:00] [INFO] [operator_controller.go:652] ["send schedule command"] [region-id=4] [step="add learner peer 6 on store 2"] [source=create]
[2023/05/16 16:11:10.229 +00:00] [INFO] [region.go:589] ["region ConfVer changed"] [region-id=4] [detail="Add peer:{id:6 store_id:2 role:Learner }"] [old-confver=1] [new-confver=2]
[2023/05/16 16:11:10.230 +00:00] [INFO] [operator_controller.go:652] ["send schedule command"] [region-id=4] [step="add learner peer 6 on store 2"] [source=heartbeat]
[2023/05/16 16:11:10.286 +00:00] [INFO] [operator_controller.go:652] ["send schedule command"] [region-id=4] [step="promote learner peer 6 on store 2 to voter"] [source=heartbeat]
[2023/05/16 16:11:10.291 +00:00] [INFO] [region.go:589] ["region ConfVer changed"] [region-id=4] [detail="Remove peer:{id:6 store_id:2 role:Learner },Add peer:{id:6 store_id:2 }"] [old-confver=2] [new-confver=3]
[2023/05/16 16:11:10.292 +00:00] [INFO] [operator_controller.go:566] ["operator finish"] [region-id=4] [takes=71.630409ms] [operator="\"add-rule-peer {add peer: store [2]} (kind:replica,region, region:4(1, 1), createAt:2023-05-16 16:11:10.220345612 +0000 UTC m=+12.603008588, startAt:2023-05-16 16:11:10.221012539 +0000 UTC m=+12.603675561, currentStep:2, size:0, steps:[add learner peer 6 on store 2, promote learner peer 6 on store 2 to voter]) finished\""] [additional-info=]
[2023/05/16 16:11:10.294 +00:00] [INFO] [operator_controller.go:450] ["add operator"] [region-id=4] [operator="\"add-rule-peer {add peer: store [3]} (kind:replica,region, region:4(1, 3), createAt:2023-05-16 16:11:10.294132878 +0000 UTC m=+12.676795879, startAt:0001-01-01 00:00:00 +0000 UTC, currentStep:0, size:1, steps:[add learner peer 7 on store 3, promote learner peer 7 on store 3 to voter])\""] [additional-info=]
[2023/05/16 16:11:10.294 +00:00] [INFO] [operator_controller.go:652] ["send schedule command"] [region-id=4] [step="add learner peer 7 on store 3"] [source=create]
[2023/05/16 16:11:10.299 +00:00] [INFO] [region.go:589] ["region ConfVer changed"] [region-id=4] [detail="Add peer:{id:7 store_id:3 role:Learner }"] [old-confver=3] [new-confver=4]
[2023/05/16 16:11:10.300 +00:00] [INFO] [operator_controller.go:652] ["send schedule command"] [region-id=4] [step="add learner peer 7 on store 3"] [source=heartbeat]
[2023/05/16 16:11:10.320 +00:00] [INFO] [operator_controller.go:652] ["send schedule command"] [region-id=4] [step="promote learner peer 7 on store 3 to voter"] [source=heartbeat]
[2023/05/16 16:11:10.323 +00:00] [INFO] [region.go:589] ["region ConfVer changed"] [region-id=4] [detail="Remove peer:{id:7 store_id:3 role:Learner },Add peer:{id:7 store_id:3 }"] [old-confver=4] [new-confver=5]
[2023/05/16 16:11:10.323 +00:00] [INFO] [operator_controller.go:566] ["operator finish"] [region-id=4] [takes=28.88265ms] [operator="\"add-rule-peer {add peer: store [3]} (kind:replica,region, region:4(1, 3), createAt:2023-05-16 16:11:10.294132878 +0000 UTC m=+12.676795879, startAt:2023-05-16 16:11:10.294552862 +0000 UTC m=+12.677215883, currentStep:2, size:1, steps:[add learner peer 7 on store 3, promote learner peer 7 on store 3 to voter]) finished\""] [additional-info=]
[2023/05/16 16:22:45.651 +00:00] [INFO] [coordinator.go:811] ["scheduler has been stopped"] [scheduler-name=split-bucket-scheduler] [error="context canceled"]
[2023/05/16 16:22:45.652 +00:00] [INFO] [main.go:121] ["Got signal to exit"] [signal=terminated]
[2023/05/16 16:22:45.652 +00:00] [INFO] [server.go:460] ["closing server"]
[2023/05/16 16:22:45.652 +00:00] [INFO] [cluster.go:388] ["metrics are reset"]
[2023/05/16 16:22:45.652 +00:00] [INFO] [cluster.go:390] ["metrics collection job has been stopped"]
[2023/05/16 16:22:45.652 +00:00] [INFO] [lease.go:159] ["stop lease keep alive worker"] [purpose="pd leader election"]
[2023/05/16 16:22:45.652 +00:00] [INFO] [server.go:130] ["region syncer has been stopped"]
[2023/05/16 16:22:45.652 +00:00] [INFO] [server.go:591] ["server is closed, exist encryption key manager loop"]
[2023/05/16 16:22:45.652 +00:00] [INFO] [server.go:1446] ["server is closed, exit etcd leader loop"]
[2023/05/16 16:22:45.652 +00:00] [INFO] [cluster.go:2132] ["min resolved ts background jobs has been stopped"]
[2023/05/16 16:22:45.652 +00:00] [INFO] [server.go:580] ["server is closed, exit allocator loop"]
[2023/05/16 16:22:45.652 +00:00] [INFO] [cluster.go:429] ["statistics background jobs has been stopped"]
[2023/05/16 16:22:45.652 +00:00] [INFO] [server.go:566] ["server is closed, exit metrics loop"]
[2023/05/16 16:22:45.652 +00:00] [INFO] [coordinator.go:117] ["patrol regions has been stopped"]
[2023/05/16 16:22:45.652 +00:00] [INFO] [coordinator.go:231] ["check suspect key ranges has been stopped"]
[2023/05/16 16:22:45.652 +00:00] [INFO] [cluster.go:300] ["sync store config job is stopped"]
[2023/05/16 16:22:45.652 +00:00] [INFO] [server.go:1429] ["server is closed"]
[2023/05/16 16:22:45.652 +00:00] [INFO] [coordinator.go:811] ["scheduler has been stopped"] [scheduler-name=balance-region-scheduler] [error="context canceled"]
[2023/05/16 16:22:45.652 +00:00] [INFO] [coordinator.go:307] ["coordinator is stopping"]
[2023/05/16 16:22:45.652 +00:00] [INFO] [coordinator.go:811] ["scheduler has been stopped"] [scheduler-name=balance-leader-scheduler] [error="context canceled"]
[2023/05/16 16:22:45.652 +00:00] [INFO] [coordinator.go:811] ["scheduler has been stopped"] [scheduler-name=balance-hot-region-scheduler] [error="context canceled"]
[2023/05/16 16:22:45.652 +00:00] [INFO] [labeler.go:67] ["RegionLabeler GC stopped"]
[2023/05/16 16:22:45.652 +00:00] [INFO] [coordinator.go:296] ["drive push operator has been stopped"]
[2023/05/16 16:22:45.653 +00:00] [INFO] [coordinator.go:309] ["coordinator has been stopped"]
[2023/05/16 16:22:45.652 +00:00] [INFO] [cluster.go:411] ["node state check job has been stopped"]
[2023/05/16 16:22:45.654 +00:00] [INFO] [cluster.go:469] ["raftcluster is stopped"]
[2023/05/16 16:22:45.654 +00:00] [INFO] [tso.go:405] ["reset the timestamp in memory"]
[2023/05/16 16:22:45.654 +00:00] [INFO] [server.go:1284] ["server is closed, return pd leader loop"]
[2023/05/16 16:22:45.654 +00:00] [INFO] [etcd.go:360] ["closing etcd server"] [name=pd1] [data-dir=/data/pd1] [advertise-peer-urls="[http://pd1:2380]"] [advertise-client-urls="[http://pd1:2379]"]
[2023/05/16 16:22:45.654 +00:00] [WARN] [grpclog.go:60] ["transport: http2Server.HandleStreams failed to read frame: read tcp 127.0.0.1:2379->127.0.0.1:34830: use of closed network connection"]
[2023/05/16 16:22:45.654 +00:00] [INFO] [server.go:1413] ["leadership transfer starting"] [local-member-id=ed69672f88924e60] [current-leader-member-id=ed69672f88924e60] [transferee-member-id=30610c698d7a69f3]
[2023/05/16 16:22:45.654 +00:00] [WARN] [grpclog.go:60] ["transport: http2Server.HandleStreams failed to read frame: read tcp 172.18.0.2:2379->172.18.0.3:36552: use of closed network connection"]
[2023/05/16 16:22:45.654 +00:00] [INFO] [raft.go:1261] ["ed69672f88924e60 [term 2] starts to transfer leadership to 30610c698d7a69f3"]
[2023/05/16 16:22:45.655 +00:00] [INFO] [raft.go:1267] ["ed69672f88924e60 sends MsgTimeoutNow to 30610c698d7a69f3 immediately as 30610c698d7a69f3 already has up-to-date log"]
[2023/05/16 16:22:45.654 +00:00] [WARN] [grpclog.go:60] ["grpc: addrConn.createTransport failed to connect to {0.0.0.0:2379  <nil> 0 <nil>}. Err :connection error: desc = \"transport: Error while dialing dial tcp 0.0.0.0:2379: connect: connection refused\". Reconnecting..."]
[2023/05/16 16:22:45.655 +00:00] [INFO] [raft.go:859] ["ed69672f88924e60 [term: 2] received a MsgVote message with higher term from 30610c698d7a69f3 [term: 3]"]
[2023/05/16 16:22:45.655 +00:00] [INFO] [raft.go:700] ["ed69672f88924e60 became follower at term 3"]
[2023/05/16 16:22:45.655 +00:00] [INFO] [raft.go:960] ["ed69672f88924e60 [logterm: 2, index: 287, vote: 0] cast MsgVote for 30610c698d7a69f3 [logterm: 2, index: 287] at term 3"]
[2023/05/16 16:22:45.655 +00:00] [INFO] [node.go:331] ["raft.node: ed69672f88924e60 lost leader ed69672f88924e60 at term 3"]
[2023/05/16 16:22:45.656 +00:00] [INFO] [node.go:325] ["raft.node: ed69672f88924e60 elected leader 30610c698d7a69f3 at term 3"]
[2023/05/16 16:22:46.155 +00:00] [INFO] [server.go:1434] ["leadership transfer finished"] [local-member-id=ed69672f88924e60] [old-leader-member-id=ed69672f88924e60] [new-leader-member-id=30610c698d7a69f3] [took=500.21138ms]
[2023/05/16 16:22:46.155 +00:00] [INFO] [peer.go:333] ["stopping remote peer"] [remote-peer-id=30610c698d7a69f3]
[2023/05/16 16:22:46.161 +00:00] [WARN] [stream.go:291] ["closed TCP streaming connection with remote peer"] [stream-writer-type="stream MsgApp v2"] [remote-peer-id=30610c698d7a69f3]
[2023/05/16 16:22:46.161 +00:00] [WARN] [stream.go:301] ["stopped TCP streaming connection with remote peer"] [stream-writer-type="stream MsgApp v2"] [remote-peer-id=30610c698d7a69f3]
[2023/05/16 16:22:46.161 +00:00] [WARN] [stream.go:291] ["closed TCP streaming connection with remote peer"] [stream-writer-type="stream Message"] [remote-peer-id=30610c698d7a69f3]
[2023/05/16 16:22:46.161 +00:00] [WARN] [stream.go:301] ["stopped TCP streaming connection with remote peer"] [stream-writer-type="stream Message"] [remote-peer-id=30610c698d7a69f3]
[2023/05/16 16:22:46.161 +00:00] [INFO] [pipeline.go:86] ["stopped HTTP pipelining with remote peer"] [local-member-id=ed69672f88924e60] [remote-peer-id=30610c698d7a69f3]
[2023/05/16 16:22:46.161 +00:00] [WARN] [stream.go:436] ["lost TCP streaming connection with remote peer"] [stream-reader-type="stream MsgApp v2"] [local-member-id=ed69672f88924e60] [remote-peer-id=30610c698d7a69f3] [error="context canceled"]
[2023/05/16 16:22:46.161 +00:00] [WARN] [peer_status.go:68] ["peer became inactive (message send to peer failed)"] [peer-id=30610c698d7a69f3] [error="failed to read 30610c698d7a69f3 on stream MsgApp v2 (context canceled)"]
[2023/05/16 16:22:46.161 +00:00] [INFO] [stream.go:459] ["stopped stream reader with remote peer"] [stream-reader-type="stream MsgApp v2"] [local-member-id=ed69672f88924e60] [remote-peer-id=30610c698d7a69f3]
[2023/05/16 16:22:46.162 +00:00] [WARN] [stream.go:436] ["lost TCP streaming connection with remote peer"] [stream-reader-type="stream Message"] [local-member-id=ed69672f88924e60] [remote-peer-id=30610c698d7a69f3] [error="context canceled"]
[2023/05/16 16:22:46.162 +00:00] [INFO] [stream.go:459] ["stopped stream reader with remote peer"] [stream-reader-type="stream Message"] [local-member-id=ed69672f88924e60] [remote-peer-id=30610c698d7a69f3]
[2023/05/16 16:22:46.162 +00:00] [INFO] [peer.go:340] ["stopped remote peer"] [remote-peer-id=30610c698d7a69f3]
[2023/05/16 16:22:46.162 +00:00] [INFO] [peer.go:333] ["stopping remote peer"] [remote-peer-id=e3589da502d44cf6]
[2023/05/16 16:22:46.162 +00:00] [WARN] [stream.go:291] ["closed TCP streaming connection with remote peer"] [stream-writer-type="stream MsgApp v2"] [remote-peer-id=e3589da502d44cf6]
[2023/05/16 16:22:46.162 +00:00] [WARN] [stream.go:301] ["stopped TCP streaming connection with remote peer"] [stream-writer-type="stream MsgApp v2"] [remote-peer-id=e3589da502d44cf6]
[2023/05/16 16:22:46.163 +00:00] [WARN] [stream.go:291] ["closed TCP streaming connection with remote peer"] [stream-writer-type="stream Message"] [remote-peer-id=e3589da502d44cf6]
[2023/05/16 16:22:46.163 +00:00] [WARN] [stream.go:301] ["stopped TCP streaming connection with remote peer"] [stream-writer-type="stream Message"] [remote-peer-id=e3589da502d44cf6]
[2023/05/16 16:22:46.163 +00:00] [INFO] [pipeline.go:86] ["stopped HTTP pipelining with remote peer"] [local-member-id=ed69672f88924e60] [remote-peer-id=e3589da502d44cf6]
[2023/05/16 16:22:46.163 +00:00] [WARN] [stream.go:436] ["lost TCP streaming connection with remote peer"] [stream-reader-type="stream MsgApp v2"] [local-member-id=ed69672f88924e60] [remote-peer-id=e3589da502d44cf6] [error="context canceled"]
[2023/05/16 16:22:46.163 +00:00] [WARN] [peer_status.go:68] ["peer became inactive (message send to peer failed)"] [peer-id=e3589da502d44cf6] [error="failed to read e3589da502d44cf6 on stream MsgApp v2 (context canceled)"]
[2023/05/16 16:22:46.164 +00:00] [INFO] [stream.go:459] ["stopped stream reader with remote peer"] [stream-reader-type="stream MsgApp v2"] [local-member-id=ed69672f88924e60] [remote-peer-id=e3589da502d44cf6]
[2023/05/16 16:22:46.165 +00:00] [WARN] [stream.go:436] ["lost TCP streaming connection with remote peer"] [stream-reader-type="stream Message"] [local-member-id=ed69672f88924e60] [remote-peer-id=e3589da502d44cf6] [error="context canceled"]
[2023/05/16 16:22:46.165 +00:00] [INFO] [stream.go:459] ["stopped stream reader with remote peer"] [stream-reader-type="stream Message"] [local-member-id=ed69672f88924e60] [remote-peer-id=e3589da502d44cf6]
[2023/05/16 16:22:46.166 +00:00] [INFO] [peer.go:340] ["stopped remote peer"] [remote-peer-id=e3589da502d44cf6]
[2023/05/16 16:22:46.167 +00:00] [WARN] [http.go:444] ["failed to find remote peer in cluster"] [local-member-id=ed69672f88924e60] [remote-peer-id-stream-handler=ed69672f88924e60] [remote-peer-id-from=e3589da502d44cf6] [cluster-id=4586ab14de6050dd]
[2023/05/16 16:22:46.167 +00:00] [WARN] [http.go:444] ["failed to find remote peer in cluster"] [local-member-id=ed69672f88924e60] [remote-peer-id-stream-handler=ed69672f88924e60] [remote-peer-id-from=e3589da502d44cf6] [cluster-id=4586ab14de6050dd]
[2023/05/16 16:22:46.167 +00:00] [WARN] [http.go:444] ["failed to find remote peer in cluster"] [local-member-id=ed69672f88924e60] [remote-peer-id-stream-handler=ed69672f88924e60] [remote-peer-id-from=30610c698d7a69f3] [cluster-id=4586ab14de6050dd]
[2023/05/16 16:22:46.167 +00:00] [WARN] [http.go:444] ["failed to find remote peer in cluster"] [local-member-id=ed69672f88924e60] [remote-peer-id-stream-handler=ed69672f88924e60] [remote-peer-id-from=30610c698d7a69f3] [cluster-id=4586ab14de6050dd]
[2023/05/16 16:22:46.201 +00:00] [INFO] [etcd.go:555] ["stopping serving peer traffic"] [address="[::]:2380"]
[2023/05/16 16:22:46.201 +00:00] [INFO] [etcd.go:562] ["stopped serving peer traffic"] [address="[::]:2380"]
[2023/05/16 16:22:46.202 +00:00] [INFO] [etcd.go:364] ["closed etcd server"] [name=pd1] [data-dir=/data/pd1] [advertise-peer-urls="[http://pd1:2380]"] [advertise-client-urls="[http://pd1:2379]"]
[2023/05/16 16:22:46.202 +00:00] [INFO] [manager.go:73] ["exit dashboard loop"]
[2023/05/16 16:22:46.202 +00:00] [INFO] [server.go:494] ["close server"]
