[2023/05/16 16:10:57.757 +00:00] [INFO] [util.go:41] ["Welcome to Placement Driver (PD)"]
[2023/05/16 16:10:57.757 +00:00] [INFO] [util.go:42] [PD] [release-version=v6.1.0]
[2023/05/16 16:10:57.758 +00:00] [INFO] [util.go:43] [PD] [edition=Community]
[2023/05/16 16:10:57.758 +00:00] [INFO] [util.go:44] [PD] [git-hash=d82f4fab6cf37cd1eca9c3574984e12a7ae27c42]
[2023/05/16 16:10:57.758 +00:00] [INFO] [util.go:45] [PD] [git-branch=heads/refs/tags/v6.1.0]
[2023/05/16 16:10:57.758 +00:00] [INFO] [util.go:46] [PD] [utc-build-time="2022-06-01 01:44:08"]
[2023/05/16 16:10:57.758 +00:00] [INFO] [metricutil.go:83] ["disable Prometheus push client"]
[2023/05/16 16:10:57.758 +00:00] [INFO] [server.go:240] ["PD Config"] [config="{\"client-urls\":\"http://0.0.0.0:2379\",\"peer-urls\":\"http://0.0.0.0:2380\",\"advertise-client-urls\":\"http://pd2:2379\",\"advertise-peer-urls\":\"http://pd2:2380\",\"name\":\"pd2\",\"data-dir\":\"/data/pd2\",\"force-new-cluster\":false,\"enable-grpc-gateway\":true,\"initial-cluster\":\"pd0=http://pd0:2380,pd1=http://pd1:2380,pd2=http://pd2:2380\",\"initial-cluster-state\":\"new\",\"initial-cluster-token\":\"pd-cluster\",\"join\":\"\",\"lease\":3,\"log\":{\"level\":\"info\",\"format\":\"text\",\"disable-timestamp\":false,\"file\":{\"filename\":\"/logs/pd2.log\",\"max-size\":300,\"max-days\":0,\"max-backups\":0},\"development\":false,\"disable-caller\":false,\"disable-stacktrace\":false,\"disable-error-verbose\":true,\"sampling\":null},\"tso-save-interval\":\"3s\",\"tso-update-physical-interval\":\"50ms\",\"enable-local-tso\":false,\"metric\":{\"job\":\"pd2\",\"address\":\"\",\"interval\":\"15s\"},\"schedule\":{\"max-snapshot-count\":64,\"max-pending-peer-count\":64,\"max-merge-region-size\":20,\"max-merge-region-keys\":200000,\"split-merge-interval\":\"1h0m0s\",\"enable-one-way-merge\":\"false\",\"enable-cross-table-merge\":\"true\",\"patrol-region-interval\":\"10ms\",\"max-store-down-time\":\"30m0s\",\"max-store-preparing-time\":\"48h0m0s\",\"leader-schedule-limit\":4,\"leader-schedule-policy\":\"count\",\"region-schedule-limit\":2048,\"replica-schedule-limit\":64,\"merge-schedule-limit\":8,\"hot-region-schedule-limit\":4,\"hot-region-cache-hits-threshold\":3,\"store-limit\":{},\"tolerant-size-ratio\":0,\"low-space-ratio\":0.8,\"high-space-ratio\":0.7,\"region-score-formula-version\":\"v2\",\"scheduler-max-waiting-operator\":5,\"enable-remove-down-replica\":\"true\",\"enable-replace-offline-replica\":\"true\",\"enable-make-up-replica\":\"true\",\"enable-remove-extra-replica\":\"true\",\"enable-location-replacement\":\"true\",\"enable-debug-metrics\":\"false\",\"enable-joint-consensus\":\"true\",\"schedulers-v2\":[{\"type\":\"balance-region\",\"args\":null,\"disable\":false,\"args-payload\":\"\"},{\"type\":\"balance-leader\",\"args\":null,\"disable\":false,\"args-payload\":\"\"},{\"type\":\"hot-region\",\"args\":null,\"disable\":false,\"args-payload\":\"\"},{\"type\":\"split-bucket\",\"args\":null,\"disable\":false,\"args-payload\":\"\"}],\"schedulers-payload\":null,\"store-limit-mode\":\"manual\",\"hot-regions-write-interval\":\"10m0s\",\"hot-regions-reserved-days\":7},\"replication\":{\"max-replicas\":3,\"location-labels\":\"\",\"strictly-match-label\":\"false\",\"enable-placement-rules\":\"true\",\"enable-placement-rules-cache\":\"false\",\"isolation-level\":\"\"},\"pd-server\":{\"use-region-storage\":\"true\",\"max-gap-reset-ts\":\"24h0m0s\",\"key-type\":\"table\",\"runtime-services\":\"\",\"metric-storage\":\"\",\"dashboard-address\":\"auto\",\"trace-region-flow\":\"true\",\"flow-round-by-digit\":3,\"min-resolved-ts-persistence-interval\":\"0s\"},\"cluster-version\":\"0.0.0\",\"labels\":{},\"quota-backend-bytes\":\"8GiB\",\"auto-compaction-mode\":\"periodic\",\"auto-compaction-retention-v2\":\"1h\",\"TickInterval\":\"500ms\",\"ElectionInterval\":\"3s\",\"PreVote\":true,\"max-request-bytes\":157286400,\"security\":{\"cacert-path\":\"\",\"cert-path\":\"\",\"key-path\":\"\",\"cert-allowed-cn\":null,\"SSLCABytes\":null,\"SSLCertBytes\":null,\"SSLKEYBytes\":null,\"redact-info-log\":false,\"encryption\":{\"data-encryption-method\":\"plaintext\",\"data-key-rotation-period\":\"168h0m0s\",\"master-key\":{\"type\":\"plaintext\",\"key-id\":\"\",\"region\":\"\",\"endpoint\":\"\",\"path\":\"\"}}},\"label-property\":null,\"WarningMsgs\":null,\"DisableStrictReconfigCheck\":false,\"HeartbeatStreamBindInterval\":\"1m0s\",\"LeaderPriorityCheckInterval\":\"1m0s\",\"dashboard\":{\"tidb-cacert-path\":\"\",\"tidb-cert-path\":\"\",\"tidb-key-path\":\"\",\"public-path-prefix\":\"\",\"internal-proxy\":false,\"enable-telemetry\":true,\"enable-experimental\":false},\"replication-mode\":{\"replication-mode\":\"majority\",\"dr-auto-sync\":{\"label-key\":\"\",\"primary\":\"\",\"dr\":\"\",\"primary-replicas\":0,\"dr-replicas\":0,\"wait-store-timeout\":\"1m0s\",\"wait-sync-timeout\":\"1m0s\",\"wait-async-timeout\":\"2m0s\",\"pause-region-split\":\"false\"}}}"]
[2023/05/16 16:10:57.761 +00:00] [INFO] [server.go:215] ["register REST path"] [path=/pd/api/v1]
[2023/05/16 16:10:57.761 +00:00] [INFO] [server.go:215] ["register REST path"] [path=/pd/api/v2/]
[2023/05/16 16:10:57.761 +00:00] [INFO] [server.go:215] ["register REST path"] [path=/swagger/]
[2023/05/16 16:10:57.761 +00:00] [INFO] [server.go:215] ["register REST path"] [path=/autoscaling]
[2023/05/16 16:10:57.761 +00:00] [INFO] [distro.go:51] ["Using distribution strings"] [strings={}]
[2023/05/16 16:10:57.763 +00:00] [INFO] [server.go:215] ["register REST path"] [path=/dashboard/api/]
[2023/05/16 16:10:57.763 +00:00] [INFO] [server.go:215] ["register REST path"] [path=/dashboard/]
[2023/05/16 16:10:57.764 +00:00] [INFO] [etcd.go:117] ["configuring peer listeners"] [listen-peer-urls="[http://0.0.0.0:2380]"]
[2023/05/16 16:10:57.764 +00:00] [INFO] [systimemon.go:28] ["start system time monitor"]
[2023/05/16 16:10:57.764 +00:00] [INFO] [etcd.go:127] ["configuring client listeners"] [listen-client-urls="[http://0.0.0.0:2379]"]
[2023/05/16 16:10:57.764 +00:00] [INFO] [etcd.go:602] ["pprof is enabled"] [path=/debug/pprof]
[2023/05/16 16:10:57.764 +00:00] [INFO] [etcd.go:299] ["starting an etcd server"] [etcd-version=3.4.3] [git-sha="Not provided (use ./build instead of go build)"] [go-version=go1.18.2] [go-os=linux] [go-arch=amd64] [max-cpu-set=8] [max-cpu-available=8] [member-initialized=false] [name=pd2] [data-dir=/data/pd2] [wal-dir=] [wal-dir-dedicated=] [member-dir=/data/pd2/member] [force-new-cluster=false] [heartbeat-interval=500ms] [election-timeout=3s] [initial-election-tick-advance=true] [snapshot-count=100000] [snapshot-catchup-entries=5000] [initial-advertise-peer-urls="[http://pd2:2380]"] [listen-peer-urls="[http://0.0.0.0:2380]"] [advertise-client-urls="[http://pd2:2379]"] [listen-client-urls="[http://0.0.0.0:2379]"] [listen-metrics-urls="[]"] [cors="[*]"] [host-whitelist="[*]"] [initial-cluster="pd0=http://pd0:2380,pd1=http://pd1:2380,pd2=http://pd2:2380"] [initial-cluster-state=new] [initial-cluster-token=pd-cluster] [quota-size-bytes=8589934592] [pre-vote=true] [initial-corrupt-check=false] [corrupt-check-time-interval=0s] [auto-compaction-mode=periodic] [auto-compaction-retention=1h0m0s] [auto-compaction-interval=1h0m0s] [discovery-url=] [discovery-proxy=]
[2023/05/16 16:10:57.764 +00:00] [WARN] [server.go:298] ["exceeded recommended request limit"] [max-request-bytes=157286400] [max-request-size="157 MB"] [recommended-request-bytes=10485760] [recommended-request-size="10 MB"]
[2023/05/16 16:10:57.764 +00:00] [INFO] [backend.go:79] ["opened backend db"] [path=/data/pd2/member/snap/db] [took=133.57µs]
[2023/05/16 16:10:57.765 +00:00] [INFO] [netutil.go:112] ["resolved URL Host"] [url=http://pd2:2380] [host=pd2:2380] [resolved-addr=172.18.0.4:2380]
[2023/05/16 16:10:57.766 +00:00] [INFO] [netutil.go:112] ["resolved URL Host"] [url=http://pd2:2380] [host=pd2:2380] [resolved-addr=172.18.0.4:2380]
[2023/05/16 16:10:58.794 +00:00] [INFO] [raft.go:456] ["starting local member"] [local-member-id=30610c698d7a69f3] [cluster-id=4586ab14de6050dd]
[2023/05/16 16:10:58.794 +00:00] [INFO] [raft.go:1530] ["30610c698d7a69f3 switched to configuration voters=()"]
[2023/05/16 16:10:58.794 +00:00] [INFO] [raft.go:700] ["30610c698d7a69f3 became follower at term 0"]
[2023/05/16 16:10:58.794 +00:00] [INFO] [raft.go:383] ["newRaft 30610c698d7a69f3 [peers: [], term: 0, commit: 0, applied: 0, lastindex: 0, lastterm: 0]"]
[2023/05/16 16:10:58.794 +00:00] [INFO] [raft.go:700] ["30610c698d7a69f3 became follower at term 1"]
[2023/05/16 16:10:58.795 +00:00] [INFO] [raft.go:1530] ["30610c698d7a69f3 switched to configuration voters=(3486081234046183923)"]
[2023/05/16 16:10:58.795 +00:00] [INFO] [raft.go:1530] ["30610c698d7a69f3 switched to configuration voters=(3486081234046183923 16382016976602811638)"]
[2023/05/16 16:10:58.795 +00:00] [INFO] [raft.go:1530] ["30610c698d7a69f3 switched to configuration voters=(3486081234046183923 16382016976602811638 17107318113395953248)"]
[2023/05/16 16:10:58.798 +00:00] [WARN] [store.go:1317] ["simple token is not cryptographically signed"]
[2023/05/16 16:10:58.798 +00:00] [INFO] [quota.go:126] ["enabled backend quota"] [quota-name=v3-applier] [quota-size-bytes=8589934592] [quota-size="8.6 GB"]
[2023/05/16 16:10:58.798 +00:00] [INFO] [peer.go:128] ["starting remote peer"] [remote-peer-id=e3589da502d44cf6]
[2023/05/16 16:10:58.799 +00:00] [INFO] [pipeline.go:71] ["started HTTP pipelining with remote peer"] [local-member-id=30610c698d7a69f3] [remote-peer-id=e3589da502d44cf6]
[2023/05/16 16:10:58.800 +00:00] [INFO] [peer.go:134] ["started remote peer"] [remote-peer-id=e3589da502d44cf6]
[2023/05/16 16:10:58.800 +00:00] [INFO] [transport.go:327] ["added remote peer"] [local-member-id=30610c698d7a69f3] [remote-peer-id=e3589da502d44cf6] [remote-peer-urls="[http://pd0:2380]"]
[2023/05/16 16:10:58.800 +00:00] [INFO] [peer.go:128] ["starting remote peer"] [remote-peer-id=ed69672f88924e60]
[2023/05/16 16:10:58.800 +00:00] [INFO] [pipeline.go:71] ["started HTTP pipelining with remote peer"] [local-member-id=30610c698d7a69f3] [remote-peer-id=ed69672f88924e60]
[2023/05/16 16:10:58.800 +00:00] [INFO] [stream.go:166] ["started stream writer with remote peer"] [local-member-id=30610c698d7a69f3] [remote-peer-id=e3589da502d44cf6]
[2023/05/16 16:10:58.800 +00:00] [INFO] [stream.go:406] ["started stream reader with remote peer"] [stream-reader-type="stream MsgApp v2"] [local-member-id=30610c698d7a69f3] [remote-peer-id=e3589da502d44cf6]
[2023/05/16 16:10:58.800 +00:00] [INFO] [stream.go:406] ["started stream reader with remote peer"] [stream-reader-type="stream Message"] [local-member-id=30610c698d7a69f3] [remote-peer-id=e3589da502d44cf6]
[2023/05/16 16:10:58.800 +00:00] [INFO] [stream.go:166] ["started stream writer with remote peer"] [local-member-id=30610c698d7a69f3] [remote-peer-id=e3589da502d44cf6]
[2023/05/16 16:10:58.802 +00:00] [INFO] [stream.go:166] ["started stream writer with remote peer"] [local-member-id=30610c698d7a69f3] [remote-peer-id=ed69672f88924e60]
[2023/05/16 16:10:58.802 +00:00] [INFO] [stream.go:166] ["started stream writer with remote peer"] [local-member-id=30610c698d7a69f3] [remote-peer-id=ed69672f88924e60]
[2023/05/16 16:10:58.802 +00:00] [INFO] [peer.go:134] ["started remote peer"] [remote-peer-id=ed69672f88924e60]
[2023/05/16 16:10:58.803 +00:00] [INFO] [transport.go:327] ["added remote peer"] [local-member-id=30610c698d7a69f3] [remote-peer-id=ed69672f88924e60] [remote-peer-urls="[http://pd1:2380]"]
[2023/05/16 16:10:58.803 +00:00] [INFO] [server.go:792] ["starting etcd server"] [local-member-id=30610c698d7a69f3] [local-server-version=3.4.3] [cluster-version=to_be_decided]
[2023/05/16 16:10:58.802 +00:00] [INFO] [stream.go:406] ["started stream reader with remote peer"] [stream-reader-type="stream MsgApp v2"] [local-member-id=30610c698d7a69f3] [remote-peer-id=ed69672f88924e60]
[2023/05/16 16:10:58.804 +00:00] [INFO] [server.go:680] ["starting initial election tick advance"] [election-ticks=6]
[2023/05/16 16:10:58.802 +00:00] [INFO] [stream.go:406] ["started stream reader with remote peer"] [stream-reader-type="stream Message"] [local-member-id=30610c698d7a69f3] [remote-peer-id=ed69672f88924e60]
[2023/05/16 16:10:58.805 +00:00] [INFO] [raft.go:1530] ["30610c698d7a69f3 switched to configuration voters=(3486081234046183923 16382016976602811638 17107318113395953248)"]
[2023/05/16 16:10:58.806 +00:00] [INFO] [cluster.go:392] ["added member"] [cluster-id=4586ab14de6050dd] [local-member-id=30610c698d7a69f3] [added-peer-id=30610c698d7a69f3] [added-peer-peer-urls="[http://pd2:2380]"]
[2023/05/16 16:10:58.806 +00:00] [INFO] [peer_status.go:51] ["peer became active"] [peer-id=ed69672f88924e60]
[2023/05/16 16:10:58.806 +00:00] [INFO] [stream.go:425] ["established TCP streaming connection with remote peer"] [stream-reader-type="stream MsgApp v2"] [local-member-id=30610c698d7a69f3] [remote-peer-id=ed69672f88924e60]
[2023/05/16 16:10:58.806 +00:00] [INFO] [raft.go:1530] ["30610c698d7a69f3 switched to configuration voters=(3486081234046183923 16382016976602811638 17107318113395953248)"]
[2023/05/16 16:10:58.806 +00:00] [INFO] [cluster.go:392] ["added member"] [cluster-id=4586ab14de6050dd] [local-member-id=30610c698d7a69f3] [added-peer-id=e3589da502d44cf6] [added-peer-peer-urls="[http://pd0:2380]"]
[2023/05/16 16:10:58.806 +00:00] [INFO] [raft.go:1530] ["30610c698d7a69f3 switched to configuration voters=(3486081234046183923 16382016976602811638 17107318113395953248)"]
[2023/05/16 16:10:58.807 +00:00] [INFO] [cluster.go:392] ["added member"] [cluster-id=4586ab14de6050dd] [local-member-id=30610c698d7a69f3] [added-peer-id=ed69672f88924e60] [added-peer-peer-urls="[http://pd1:2380]"]
[2023/05/16 16:10:58.806 +00:00] [INFO] [stream.go:425] ["established TCP streaming connection with remote peer"] [stream-reader-type="stream Message"] [local-member-id=30610c698d7a69f3] [remote-peer-id=ed69672f88924e60]
[2023/05/16 16:10:58.810 +00:00] [INFO] [etcd.go:576] ["serving peer traffic"] [address="[::]:2380"]
[2023/05/16 16:10:58.810 +00:00] [INFO] [etcd.go:241] ["now serving peer/client/metrics"] [local-member-id=30610c698d7a69f3] [initial-advertise-peer-urls="[http://pd2:2380]"] [listen-peer-urls="[http://0.0.0.0:2380]"] [advertise-client-urls="[http://pd2:2379]"] [listen-client-urls="[http://0.0.0.0:2379]"] [listen-metrics-urls="[]"]
[2023/05/16 16:10:58.810 +00:00] [INFO] [stream.go:250] ["set message encoder"] [from=30610c698d7a69f3] [to=30610c698d7a69f3] [stream-type="stream Message"]
[2023/05/16 16:10:58.810 +00:00] [WARN] [stream.go:277] ["established TCP streaming connection with remote peer"] [stream-writer-type="stream Message"] [local-member-id=30610c698d7a69f3] [remote-peer-id=ed69672f88924e60]
[2023/05/16 16:10:58.812 +00:00] [INFO] [stream.go:250] ["set message encoder"] [from=30610c698d7a69f3] [to=30610c698d7a69f3] [stream-type="stream MsgApp v2"]
[2023/05/16 16:10:58.812 +00:00] [WARN] [stream.go:277] ["established TCP streaming connection with remote peer"] [stream-writer-type="stream MsgApp v2"] [local-member-id=30610c698d7a69f3] [remote-peer-id=ed69672f88924e60]
[2023/05/16 16:10:58.836 +00:00] [INFO] [stream.go:250] ["set message encoder"] [from=30610c698d7a69f3] [to=30610c698d7a69f3] [stream-type="stream Message"]
[2023/05/16 16:10:58.836 +00:00] [INFO] [peer_status.go:51] ["peer became active"] [peer-id=e3589da502d44cf6]
[2023/05/16 16:10:58.836 +00:00] [WARN] [stream.go:277] ["established TCP streaming connection with remote peer"] [stream-writer-type="stream Message"] [local-member-id=30610c698d7a69f3] [remote-peer-id=e3589da502d44cf6]
[2023/05/16 16:10:58.836 +00:00] [INFO] [stream.go:250] ["set message encoder"] [from=30610c698d7a69f3] [to=30610c698d7a69f3] [stream-type="stream MsgApp v2"]
[2023/05/16 16:10:58.836 +00:00] [WARN] [stream.go:277] ["established TCP streaming connection with remote peer"] [stream-writer-type="stream MsgApp v2"] [local-member-id=30610c698d7a69f3] [remote-peer-id=e3589da502d44cf6]
[2023/05/16 16:10:58.840 +00:00] [INFO] [stream.go:425] ["established TCP streaming connection with remote peer"] [stream-reader-type="stream Message"] [local-member-id=30610c698d7a69f3] [remote-peer-id=e3589da502d44cf6]
[2023/05/16 16:10:58.840 +00:00] [INFO] [stream.go:425] ["established TCP streaming connection with remote peer"] [stream-reader-type="stream MsgApp v2"] [local-member-id=30610c698d7a69f3] [remote-peer-id=e3589da502d44cf6]
[2023/05/16 16:10:58.855 +00:00] [INFO] [server.go:705] ["initialized peer connections; fast-forwarding election ticks"] [local-member-id=30610c698d7a69f3] [forward-ticks=4] [forward-duration=2s] [election-ticks=6] [election-timeout=3s] [active-remote-members=2]
[2023/05/16 16:10:59.731 +00:00] [INFO] [raft.go:960] ["30610c698d7a69f3 [logterm: 1, index: 3, vote: 0] cast MsgPreVote for ed69672f88924e60 [logterm: 1, index: 3] at term 1"]
[2023/05/16 16:10:59.734 +00:00] [INFO] [raft.go:859] ["30610c698d7a69f3 [term: 1] received a MsgVote message with higher term from ed69672f88924e60 [term: 2]"]
[2023/05/16 16:10:59.735 +00:00] [INFO] [raft.go:700] ["30610c698d7a69f3 became follower at term 2"]
[2023/05/16 16:10:59.735 +00:00] [INFO] [raft.go:960] ["30610c698d7a69f3 [logterm: 1, index: 3, vote: 0] cast MsgVote for ed69672f88924e60 [logterm: 1, index: 3] at term 2"]
[2023/05/16 16:10:59.736 +00:00] [INFO] [node.go:325] ["raft.node: 30610c698d7a69f3 elected leader ed69672f88924e60 at term 2"]
[2023/05/16 16:10:59.737 +00:00] [INFO] [server.go:326] ["create etcd v3 client"] [endpoints="[http://pd2:2379]"] [cert="{\"cacert-path\":\"\",\"cert-path\":\"\",\"key-path\":\"\",\"cert-allowed-cn\":null,\"SSLCABytes\":null,\"SSLCertBytes\":null,\"SSLKEYBytes\":null,\"redact-info-log\":false,\"encryption\":{\"data-encryption-method\":\"plaintext\",\"data-key-rotation-period\":\"168h0m0s\",\"master-key\":{\"type\":\"plaintext\",\"key-id\":\"\",\"region\":\"\",\"endpoint\":\"\",\"path\":\"\"}}}"]
[2023/05/16 16:10:59.737 +00:00] [INFO] [serve.go:139] ["serving client traffic insecurely; this is strongly discouraged!"] [address="[::]:2379"]
[2023/05/16 16:10:59.737 +00:00] [INFO] [server.go:2016] ["published local member to cluster through raft"] [local-member-id=30610c698d7a69f3] [local-member-attributes="{Name:pd2 ClientURLs:[http://pd2:2379]}"] [request-path=/0/members/30610c698d7a69f3/attributes] [cluster-id=4586ab14de6050dd] [publish-timeout=11s]
[2023/05/16 16:10:59.740 +00:00] [INFO] [cluster.go:558] ["set initial cluster version"] [cluster-id=4586ab14de6050dd] [local-member-id=30610c698d7a69f3] [cluster-version=3.4]
[2023/05/16 16:10:59.740 +00:00] [INFO] [capability.go:76] ["enabled capabilities for version"] [cluster-version=3.4]
[2023/05/16 16:10:59.741 +00:00] [INFO] [server.go:381] ["init cluster id"] [cluster-id=7233813527423341226]
[2023/05/16 16:10:59.749 +00:00] [INFO] [history_buffer.go:147] ["start from history index"] [start-index=0]
[2023/05/16 16:10:59.751 +00:00] [INFO] [server.go:1470] ["server enable region storage"]
[2023/05/16 16:10:59.751 +00:00] [INFO] [server.go:1304] ["start to watch pd leader"] [pd-leader="name:\"pd1\" member_id:17107318113395953248 peer_urls:\"http://pd1:2380\" client_urls:\"http://pd1:2379\" "]
[2023/05/16 16:10:59.752 +00:00] [INFO] [client.go:123] ["region syncer start load region"]
[2023/05/16 16:10:59.752 +00:00] [INFO] [client.go:126] ["region syncer finished load region"] [time-cost=27.91µs]
[2023/05/16 16:10:59.753 +00:00] [INFO] [client.go:167] ["server starts to synchronize with leader"] [server=pd2] [leader=pd1] [request-index=0]
[2023/05/16 16:10:59.753 +00:00] [ERROR] [client.go:171] ["region sync with leader meet error"] [error="[PD:grpc:ErrGRPCRecv]rpc error: code = Unavailable desc = server not started: rpc error: code = Unavailable desc = server not started"]
[2023/05/16 16:11:00.753 +00:00] [INFO] [dbstore.go:33] ["Dashboard initializing local storage file"] [path=/data/pd2/dashboard.sqlite.db]
[2023/05/16 16:11:00.753 +00:00] [INFO] [client.go:167] ["server starts to synchronize with leader"] [server=pd2] [leader=pd1] [request-index=0]
[2023/05/16 16:11:00.760 +00:00] [INFO] [version.go:33] ["TiDB Dashboard started"] [internal-version=2022.05.19.1] [standalone=No] [pd-version=v6.1.0] [build-time="2022-06-01 01:44:08"] [build-git-hash=4d621864a9a0]
[2023/05/16 16:11:00.760 +00:00] [INFO] [manager.go:197] ["Dashboard server is started"]
[2023/05/16 16:11:00.760 +00:00] [INFO] [proxy.go:211] ["start serve requests to remotes"] [endpoint=127.0.0.1:44543] [remotes="[]"]
[2023/05/16 16:11:00.760 +00:00] [INFO] [proxy.go:211] ["start serve requests to remotes"] [endpoint=127.0.0.1:33417] [remotes="[]"]
[2023/05/16 16:11:00.762 +00:00] [WARN] [dynamic_config_manager.go:164] ["Dynamic config does not exist in etcd"]
[2023/05/16 16:11:00.763 +00:00] [INFO] [dynamic_config_manager.go:188] ["Save dynamic config to etcd"] [json="{\"keyvisual\":{\"auto_collection_disabled\":false,\"policy\":\"db\",\"policy_kv_separator\":\"\"},\"profiling\":{\"auto_collection_targets\":null,\"auto_collection_duration_secs\":0,\"auto_collection_interval_secs\":0},\"sso\":{\"core_config\":{\"enabled\":false,\"client_id\":\"\",\"discovery_url\":\"\",\"is_read_only\":false},\"auth_url\":\"\",\"token_url\":\"\",\"user_info_url\":\"\",\"sign_out_url\":\"\"}}"]
[2023/05/16 16:11:00.766 +00:00] [INFO] [manager.go:74] ["Key visual service is started"]
[2023/05/16 16:22:45.651 +00:00] [INFO] [main.go:121] ["Got signal to exit"] [signal=terminated]
[2023/05/16 16:22:45.652 +00:00] [INFO] [server.go:460] ["closing server"]
[2023/05/16 16:22:45.651 +00:00] [INFO] [manager.go:85] ["Key visual service is stopped"]
[2023/05/16 16:22:45.651 +00:00] [INFO] [server.go:580] ["server is closed, exit allocator loop"]
[2023/05/16 16:22:45.651 +00:00] [INFO] [server.go:1446] ["server is closed, exit etcd leader loop"]
[2023/05/16 16:22:45.651 +00:00] [INFO] [server.go:566] ["server is closed, exit metrics loop"]
[2023/05/16 16:22:45.651 +00:00] [ERROR] [client.go:171] ["region sync with leader meet error"] [error="[PD:grpc:ErrGRPCRecv]rpc error: code = Canceled desc = context canceled: rpc error: code = Canceled desc = context canceled"]
[2023/05/16 16:22:45.652 +00:00] [INFO] [server.go:591] ["server is closed, exist encryption key manager loop"]
[2023/05/16 16:22:45.652 +00:00] [INFO] [manager.go:208] ["Dashboard server is stopped"]
[2023/05/16 16:22:45.655 +00:00] [WARN] [grpclog.go:60] ["grpc: addrConn.createTransport failed to connect to {pd1:2379  <nil> 0 <nil>}. Err :connection error: desc = \"transport: Error while dialing dial tcp 172.18.0.2:2379: connect: connection refused\". Reconnecting..."]
[2023/05/16 16:22:45.655 +00:00] [INFO] [raft.go:1355] ["30610c698d7a69f3 [term 2] received MsgTimeoutNow from ed69672f88924e60 and starts an election to get leadership."]
[2023/05/16 16:22:45.655 +00:00] [INFO] [raft.go:713] ["30610c698d7a69f3 became candidate at term 3"]
[2023/05/16 16:22:45.655 +00:00] [INFO] [raft.go:824] ["30610c698d7a69f3 received MsgVoteResp from 30610c698d7a69f3 at term 3"]
[2023/05/16 16:22:45.655 +00:00] [INFO] [raft.go:811] ["30610c698d7a69f3 [logterm: 2, index: 287] sent MsgVote request to e3589da502d44cf6 at term 3"]
[2023/05/16 16:22:45.655 +00:00] [INFO] [raft.go:811] ["30610c698d7a69f3 [logterm: 2, index: 287] sent MsgVote request to ed69672f88924e60 at term 3"]
[2023/05/16 16:22:45.655 +00:00] [INFO] [node.go:331] ["raft.node: 30610c698d7a69f3 lost leader ed69672f88924e60 at term 3"]
[2023/05/16 16:22:45.655 +00:00] [INFO] [raft.go:824] ["30610c698d7a69f3 received MsgVoteResp from e3589da502d44cf6 at term 3"]
[2023/05/16 16:22:45.655 +00:00] [INFO] [raft.go:1302] ["30610c698d7a69f3 has received 2 MsgVoteResp votes and 0 vote rejections"]
[2023/05/16 16:22:45.656 +00:00] [INFO] [raft.go:765] ["30610c698d7a69f3 became leader at term 3"]
[2023/05/16 16:22:45.656 +00:00] [INFO] [node.go:325] ["raft.node: 30610c698d7a69f3 elected leader 30610c698d7a69f3 at term 3"]
[2023/05/16 16:22:46.157 +00:00] [WARN] [stream.go:436] ["lost TCP streaming connection with remote peer"] [stream-reader-type="stream MsgApp v2"] [local-member-id=30610c698d7a69f3] [remote-peer-id=ed69672f88924e60] [error=EOF]
[2023/05/16 16:22:46.161 +00:00] [WARN] [stream.go:436] ["lost TCP streaming connection with remote peer"] [stream-reader-type="stream Message"] [local-member-id=30610c698d7a69f3] [remote-peer-id=ed69672f88924e60] [error=EOF]
[2023/05/16 16:22:46.169 +00:00] [WARN] [peer_status.go:68] ["peer became inactive (message send to peer failed)"] [peer-id=ed69672f88924e60] [error="failed to dial ed69672f88924e60 on stream Message (peer ed69672f88924e60 failed to find local node 30610c698d7a69f3)"]
[2023/05/16 16:22:46.653 +00:00] [INFO] [server.go:1308] ["pd leader has changed, try to re-campaign a pd leader"]
[2023/05/16 16:22:46.654 +00:00] [INFO] [server.go:1326] ["start to campaign pd leader"] [campaign-pd-leader-name=pd2]
[2023/05/16 16:22:46.658 +00:00] [INFO] [lease.go:65] ["lease granted"] [lease-id=7634595487231864887] [lease-timeout=3] [purpose="pd leader election"]
[2023/05/16 16:22:46.662 +00:00] [INFO] [leadership.go:122] ["check campaign resp"] [resp="{\"header\":{\"cluster_id\":5009879741614805213,\"member_id\":3486081234046183923,\"revision\":279,\"raft_term\":3},\"succeeded\":true,\"responses\":[{\"Response\":{\"ResponsePut\":{\"header\":{\"revision\":279}}}}]}"]
[2023/05/16 16:22:46.663 +00:00] [INFO] [leadership.go:131] ["write leaderData to leaderPath ok"] [leaderPath=/pd/7233813527423341226/leader] [purpose="pd leader election"]
[2023/05/16 16:22:46.663 +00:00] [INFO] [server.go:1352] ["campaign pd leader ok"] [campaign-pd-leader-name=pd2]
[2023/05/16 16:22:46.663 +00:00] [INFO] [lease.go:135] ["start lease keep alive worker"] [interval=1s] [purpose="pd leader election"]
[2023/05/16 16:22:46.663 +00:00] [INFO] [lease.go:159] ["stop lease keep alive worker"] [purpose="pd leader election"]
[2023/05/16 16:22:46.663 +00:00] [INFO] [server.go:1359] ["initializing the global TSO allocator"]
[2023/05/16 16:22:46.664 +00:00] [WARN] [lease.go:145] ["lease keep alive failed"] [purpose="pd leader election"] [error="context canceled"]
[2023/05/16 16:22:46.667 +00:00] [ERROR] [tso.go:210] ["system time may be incorrect"] [last=2023/05/16 16:22:47.857 +00:00] [next=2023/05/16 16:22:46.667 +00:00] [error="[PD:common:ErrIncorrectSystemTime]incorrect system time"]
[2023/05/16 16:22:46.670 +00:00] [INFO] [tso.go:221] ["sync and save timestamp"] [last=2023/05/16 16:22:47.857 +00:00] [save=2023/05/16 16:22:50.858 +00:00] [next=2023/05/16 16:22:47.858 +00:00]
[2023/05/16 16:22:46.677 +00:00] [INFO] [server.go:1470] ["server enable region storage"]
[2023/05/16 16:22:46.691 +00:00] [INFO] [cluster.go:352] ["load stores"] [count=3] [cost=6.870044ms]
[2023/05/16 16:22:46.691 +00:00] [INFO] [cluster.go:363] ["load regions"] [count=1] [cost=1.429µs]
[2023/05/16 16:22:46.698 +00:00] [INFO] [labeler.go:67] ["RegionLabeler GC stopped"]
[2023/05/16 16:22:46.699 +00:00] [INFO] [cluster.go:429] ["statistics background jobs has been stopped"]
[2023/05/16 16:22:46.699 +00:00] [INFO] [coordinator.go:318] ["coordinator starts to collect cluster information"]
[2023/05/16 16:22:46.700 +00:00] [INFO] [coordinator.go:327] ["coordinator stops running"]
[2023/05/16 16:22:46.700 +00:00] [INFO] [coordinator.go:307] ["coordinator is stopping"]
[2023/05/16 16:22:46.701 +00:00] [INFO] [coordinator.go:309] ["coordinator has been stopped"]
[2023/05/16 16:22:46.699 +00:00] [INFO] [cluster.go:388] ["metrics are reset"]
[2023/05/16 16:22:46.699 +00:00] [INFO] [cluster.go:411] ["node state check job has been stopped"]
[2023/05/16 16:22:46.699 +00:00] [INFO] [server.go:130] ["region syncer has been stopped"]
[2023/05/16 16:22:46.701 +00:00] [INFO] [cluster.go:390] ["metrics collection job has been stopped"]
[2023/05/16 16:22:46.702 +00:00] [INFO] [cluster.go:2132] ["min resolved ts background jobs has been stopped"]
[2023/05/16 16:22:46.706 +00:00] [INFO] [id.go:122] ["idAllocator allocates a new id"] [alloc-id=2000]
[2023/05/16 16:22:46.706 +00:00] [INFO] [util.go:77] ["load cluster version"] [cluster-version=6.1.0]
[2023/05/16 16:22:46.706 +00:00] [INFO] [server.go:1410] ["PD cluster leader is ready to serve"] [pd-leader-name=pd2]
[2023/05/16 16:22:46.707 +00:00] [INFO] [server.go:1429] ["server is closed"]
[2023/05/16 16:22:46.859 +00:00] [WARN] [stream.go:436] ["lost TCP streaming connection with remote peer"] [stream-reader-type="stream MsgApp v2"] [local-member-id=30610c698d7a69f3] [remote-peer-id=e3589da502d44cf6] [error=EOF]
[2023/05/16 16:22:46.862 +00:00] [WARN] [stream.go:436] ["lost TCP streaming connection with remote peer"] [stream-reader-type="stream Message"] [local-member-id=30610c698d7a69f3] [remote-peer-id=e3589da502d44cf6] [error=EOF]
[2023/05/16 16:22:46.870 +00:00] [WARN] [peer_status.go:68] ["peer became inactive (message send to peer failed)"] [peer-id=e3589da502d44cf6] [error="failed to dial e3589da502d44cf6 on stream MsgApp v2 (peer e3589da502d44cf6 failed to find local node 30610c698d7a69f3)"]
[2023/05/16 16:22:47.353 +00:00] [INFO] [cluster.go:300] ["sync store config job is stopped"]
[2023/05/16 16:22:47.353 +00:00] [INFO] [cluster.go:469] ["raftcluster is stopped"]
[2023/05/16 16:22:47.354 +00:00] [INFO] [tso.go:405] ["reset the timestamp in memory"]
[2023/05/16 16:22:47.354 +00:00] [INFO] [server.go:1284] ["server is closed, return pd leader loop"]
[2023/05/16 16:22:47.355 +00:00] [INFO] [etcd.go:360] ["closing etcd server"] [name=pd2] [data-dir=/data/pd2] [advertise-peer-urls="[http://pd2:2380]"] [advertise-client-urls="[http://pd2:2379]"]
[2023/05/16 16:22:47.357 +00:00] [WARN] [server.go:1506] ["leadership transfer failed"] [local-member-id=30610c698d7a69f3] [error="etcdserver: unhealthy cluster"]
[2023/05/16 16:22:47.357 +00:00] [WARN] [grpclog.go:60] ["transport: http2Server.HandleStreams failed to read frame: read tcp 127.0.0.1:2379->127.0.0.1:34846: use of closed network connection"]
[2023/05/16 16:22:47.358 +00:00] [INFO] [peer.go:333] ["stopping remote peer"] [remote-peer-id=e3589da502d44cf6]
[2023/05/16 16:22:47.362 +00:00] [WARN] [stream.go:291] ["closed TCP streaming connection with remote peer"] [stream-writer-type="stream MsgApp v2"] [remote-peer-id=e3589da502d44cf6]
[2023/05/16 16:22:47.362 +00:00] [WARN] [stream.go:301] ["stopped TCP streaming connection with remote peer"] [stream-writer-type="stream MsgApp v2"] [remote-peer-id=e3589da502d44cf6]
[2023/05/16 16:22:47.364 +00:00] [WARN] [stream.go:291] ["closed TCP streaming connection with remote peer"] [stream-writer-type="stream Message"] [remote-peer-id=e3589da502d44cf6]
[2023/05/16 16:22:47.365 +00:00] [WARN] [stream.go:301] ["stopped TCP streaming connection with remote peer"] [stream-writer-type="stream Message"] [remote-peer-id=e3589da502d44cf6]
[2023/05/16 16:22:47.365 +00:00] [INFO] [pipeline.go:86] ["stopped HTTP pipelining with remote peer"] [local-member-id=30610c698d7a69f3] [remote-peer-id=e3589da502d44cf6]
[2023/05/16 16:22:47.365 +00:00] [INFO] [stream.go:459] ["stopped stream reader with remote peer"] [stream-reader-type="stream MsgApp v2"] [local-member-id=30610c698d7a69f3] [remote-peer-id=e3589da502d44cf6]
[2023/05/16 16:22:47.366 +00:00] [INFO] [stream.go:459] ["stopped stream reader with remote peer"] [stream-reader-type="stream Message"] [local-member-id=30610c698d7a69f3] [remote-peer-id=e3589da502d44cf6]
[2023/05/16 16:22:47.366 +00:00] [INFO] [peer.go:340] ["stopped remote peer"] [remote-peer-id=e3589da502d44cf6]
[2023/05/16 16:22:47.366 +00:00] [INFO] [peer.go:333] ["stopping remote peer"] [remote-peer-id=ed69672f88924e60]
[2023/05/16 16:22:47.367 +00:00] [WARN] [stream.go:291] ["closed TCP streaming connection with remote peer"] [stream-writer-type="stream MsgApp v2"] [remote-peer-id=ed69672f88924e60]
[2023/05/16 16:22:47.367 +00:00] [WARN] [stream.go:301] ["stopped TCP streaming connection with remote peer"] [stream-writer-type="stream MsgApp v2"] [remote-peer-id=ed69672f88924e60]
[2023/05/16 16:22:47.368 +00:00] [WARN] [stream.go:291] ["closed TCP streaming connection with remote peer"] [stream-writer-type="stream Message"] [remote-peer-id=ed69672f88924e60]
[2023/05/16 16:22:47.369 +00:00] [WARN] [stream.go:301] ["stopped TCP streaming connection with remote peer"] [stream-writer-type="stream Message"] [remote-peer-id=ed69672f88924e60]
[2023/05/16 16:22:47.369 +00:00] [INFO] [pipeline.go:86] ["stopped HTTP pipelining with remote peer"] [local-member-id=30610c698d7a69f3] [remote-peer-id=ed69672f88924e60]
[2023/05/16 16:22:47.369 +00:00] [INFO] [stream.go:459] ["stopped stream reader with remote peer"] [stream-reader-type="stream MsgApp v2"] [local-member-id=30610c698d7a69f3] [remote-peer-id=ed69672f88924e60]
[2023/05/16 16:22:47.370 +00:00] [INFO] [stream.go:459] ["stopped stream reader with remote peer"] [stream-reader-type="stream Message"] [local-member-id=30610c698d7a69f3] [remote-peer-id=ed69672f88924e60]
[2023/05/16 16:22:47.371 +00:00] [INFO] [peer.go:340] ["stopped remote peer"] [remote-peer-id=ed69672f88924e60]
[2023/05/16 16:22:47.397 +00:00] [INFO] [etcd.go:555] ["stopping serving peer traffic"] [address="[::]:2380"]
[2023/05/16 16:22:47.397 +00:00] [INFO] [etcd.go:562] ["stopped serving peer traffic"] [address="[::]:2380"]
[2023/05/16 16:22:47.397 +00:00] [INFO] [etcd.go:364] ["closed etcd server"] [name=pd2] [data-dir=/data/pd2] [advertise-peer-urls="[http://pd2:2380]"] [advertise-client-urls="[http://pd2:2379]"]
[2023/05/16 16:22:47.398 +00:00] [INFO] [manager.go:73] ["exit dashboard loop"]
[2023/05/16 16:22:47.398 +00:00] [INFO] [server.go:494] ["close server"]
